{"/home/travis/build/npmtest/node-npmtest-restful/test.js":{"path":"/home/travis/build/npmtest/node-npmtest-restful/test.js","s":{"1":2,"2":2,"3":2,"4":2,"5":2,"6":2,"7":2,"8":1,"9":2,"10":2,"11":1,"12":1,"13":1,"14":1,"15":2,"16":2,"17":2,"18":2,"19":1,"20":1,"21":2,"22":2,"23":2,"24":1,"25":1,"26":1,"27":1,"28":1,"29":1,"30":1,"31":1,"32":1,"33":1,"34":1,"35":1,"36":1,"37":1,"38":1,"39":2,"40":2,"41":1,"42":2,"43":2,"44":1,"45":2,"46":2,"47":1,"48":2,"49":2,"50":1,"51":1,"52":1,"53":1,"54":1},"b":{"1":[2,1,1,1],"2":[1,1,1,1],"3":[1,1],"4":[1,1],"5":[1,1],"6":[1,1],"7":[1,1],"8":[1,1],"9":[1,1],"10":[1,1,1],"11":[1,1],"12":[1,1],"13":[1,1],"14":[1,1],"15":[1,1],"16":[1,1],"17":[1,1]},"f":{"1":2,"2":2,"3":2,"4":2,"5":2,"6":1,"7":1,"8":1,"9":2,"10":2,"11":2,"12":2,"13":1},"fnMap":{"1":{"name":"(anonymous_1)","line":12,"loc":{"start":{"line":12,"column":1},"end":{"line":12,"column":13}}},"2":{"name":"(anonymous_2)","line":19,"loc":{"start":{"line":19,"column":5},"end":{"line":19,"column":17}}},"3":{"name":"(anonymous_3)","line":23,"loc":{"start":{"line":23,"column":24},"end":{"line":23,"column":36}}},"4":{"name":"(anonymous_4)","line":61,"loc":{"start":{"line":61,"column":5},"end":{"line":61,"column":17}}},"5":{"name":"(anonymous_5)","line":82,"loc":{"start":{"line":82,"column":5},"end":{"line":82,"column":17}}},"6":{"name":"(anonymous_6)","line":91,"loc":{"start":{"line":91,"column":77},"end":{"line":94,"column":10}}},"7":{"name":"(anonymous_7)","line":112,"loc":{"start":{"line":112,"column":83},"end":{"line":115,"column":10}},"skip":true},"8":{"name":"(anonymous_8)","line":123,"loc":{"start":{"line":123,"column":77},"end":{"line":126,"column":10}},"skip":true},"9":{"name":"(anonymous_9)","line":139,"loc":{"start":{"line":139,"column":12},"end":{"line":139,"column":40}},"skip":true},"10":{"name":"(anonymous_10)","line":147,"loc":{"start":{"line":147,"column":77},"end":{"line":150,"column":10}},"skip":true},"11":{"name":"(anonymous_11)","line":158,"loc":{"start":{"line":158,"column":83},"end":{"line":161,"column":10}},"skip":true},"12":{"name":"(anonymous_12)","line":169,"loc":{"start":{"line":169,"column":79},"end":{"line":172,"column":10}},"skip":true},"13":{"name":"(anonymous_13)","line":180,"loc":{"start":{"line":180,"column":75},"end":{"line":183,"column":10}},"skip":true}},"statementMap":{"1":{"start":{"line":12,"column":0},"end":{"line":195,"column":5}},"2":{"start":{"line":14,"column":4},"end":{"line":14,"column":14}},"3":{"start":{"line":19,"column":4},"end":{"line":56,"column":9}},"4":{"start":{"line":21,"column":8},"end":{"line":21,"column":19}},"5":{"start":{"line":23,"column":8},"end":{"line":35,"column":13}},"6":{"start":{"line":24,"column":12},"end":{"line":34,"column":13}},"7":{"start":{"line":25,"column":16},"end":{"line":28,"column":30}},"8":{"start":{"line":30,"column":16},"end":{"line":33,"column":27}},"9":{"start":{"line":37,"column":8},"end":{"line":39,"column":21}},"10":{"start":{"line":40,"column":8},"end":{"line":53,"column":9}},"11":{"start":{"line":43,"column":12},"end":{"line":46,"column":14}},"12":{"start":{"line":47,"column":12},"end":{"line":47,"column":18}},"13":{"start":{"line":50,"column":12},"end":{"line":51,"column":33}},"14":{"start":{"line":52,"column":12},"end":{"line":52,"column":18}},"15":{"start":{"line":55,"column":8},"end":{"line":55,"column":35}},"16":{"start":{"line":61,"column":4},"end":{"line":63,"column":9}},"17":{"start":{"line":62,"column":8},"end":{"line":62,"column":15}},"18":{"start":{"line":64,"column":4},"end":{"line":77,"column":5}},"19":{"start":{"line":70,"column":8},"end":{"line":70,"column":14}},"20":{"start":{"line":76,"column":8},"end":{"line":76,"column":14}},"21":{"start":{"line":82,"column":4},"end":{"line":84,"column":9}},"22":{"start":{"line":83,"column":8},"end":{"line":83,"column":15}},"23":{"start":{"line":85,"column":4},"end":{"line":194,"column":5}},"24":{"start":{"line":91,"column":8},"end":{"line":99,"column":10}},"25":{"start":{"line":98,"column":12},"end":{"line":98,"column":35}},"26":{"start":{"line":102,"column":8},"end":{"line":104,"column":63}},"27":{"start":{"line":105,"column":8},"end":{"line":105,"column":14}},"28":{"start":{"line":112,"column":8},"end":{"line":121,"column":10},"skip":true},"29":{"start":{"line":119,"column":12},"end":{"line":119,"column":55},"skip":true},"30":{"start":{"line":120,"column":12},"end":{"line":120,"column":48},"skip":true},"31":{"start":{"line":123,"column":8},"end":{"line":136,"column":10},"skip":true},"32":{"start":{"line":130,"column":12},"end":{"line":130,"column":76},"skip":true},"33":{"start":{"line":131,"column":12},"end":{"line":131,"column":73},"skip":true},"34":{"start":{"line":132,"column":12},"end":{"line":132,"column":74},"skip":true},"35":{"start":{"line":133,"column":12},"end":{"line":133,"column":79},"skip":true},"36":{"start":{"line":134,"column":12},"end":{"line":134,"column":25},"skip":true},"37":{"start":{"line":135,"column":12},"end":{"line":135,"column":45},"skip":true},"38":{"start":{"line":138,"column":8},"end":{"line":145,"column":14},"skip":true},"39":{"start":{"line":143,"column":16},"end":{"line":143,"column":29},"skip":true},"40":{"start":{"line":144,"column":16},"end":{"line":144,"column":55},"skip":true},"41":{"start":{"line":147,"column":8},"end":{"line":156,"column":10},"skip":true},"42":{"start":{"line":154,"column":12},"end":{"line":154,"column":25},"skip":true},"43":{"start":{"line":155,"column":12},"end":{"line":155,"column":45},"skip":true},"44":{"start":{"line":158,"column":8},"end":{"line":167,"column":10},"skip":true},"45":{"start":{"line":165,"column":12},"end":{"line":165,"column":25},"skip":true},"46":{"start":{"line":166,"column":12},"end":{"line":166,"column":48},"skip":true},"47":{"start":{"line":169,"column":8},"end":{"line":178,"column":10},"skip":true},"48":{"start":{"line":176,"column":12},"end":{"line":176,"column":25},"skip":true},"49":{"start":{"line":177,"column":12},"end":{"line":177,"column":46},"skip":true},"50":{"start":{"line":180,"column":8},"end":{"line":189,"column":10},"skip":true},"51":{"start":{"line":187,"column":12},"end":{"line":187,"column":94},"skip":true},"52":{"start":{"line":188,"column":12},"end":{"line":188,"column":48},"skip":true},"53":{"start":{"line":192,"column":8},"end":{"line":192,"column":35},"skip":true},"54":{"start":{"line":193,"column":8},"end":{"line":193,"column":14},"skip":true}},"branchMap":{"1":{"line":25,"type":"binary-expr","locations":[{"start":{"line":25,"column":23},"end":{"line":25,"column":62}},{"start":{"line":26,"column":20},"end":{"line":26,"column":70}},{"start":{"line":27,"column":20},"end":{"line":27,"column":71}},{"start":{"line":28,"column":20},"end":{"line":28,"column":29}}]},"2":{"line":30,"type":"binary-expr","locations":[{"start":{"line":30,"column":23},"end":{"line":30,"column":37}},{"start":{"line":31,"column":20},"end":{"line":31,"column":61}},{"start":{"line":32,"column":20},"end":{"line":32,"column":70}},{"start":{"line":33,"column":20},"end":{"line":33,"column":26}}]},"3":{"line":37,"type":"cond-expr","locations":[{"start":{"line":38,"column":14},"end":{"line":38,"column":20}},{"start":{"line":39,"column":14},"end":{"line":39,"column":20}}]},"4":{"line":40,"type":"switch","locations":[{"start":{"line":42,"column":8},"end":{"line":47,"column":18}},{"start":{"line":49,"column":8},"end":{"line":52,"column":18}}]},"5":{"line":44,"type":"binary-expr","locations":[{"start":{"line":44,"column":16},"end":{"line":44,"column":44}},{"start":{"line":44,"column":48},"end":{"line":44,"column":66}}]},"6":{"line":50,"type":"binary-expr","locations":[{"start":{"line":50,"column":21},"end":{"line":50,"column":49}},{"start":{"line":50,"column":53},"end":{"line":50,"column":72}}]},"7":{"line":64,"type":"switch","locations":[{"start":{"line":69,"column":4},"end":{"line":70,"column":14}},{"start":{"line":75,"column":4},"end":{"line":76,"column":14}}]},"8":{"line":85,"type":"switch","locations":[{"start":{"line":90,"column":4},"end":{"line":105,"column":14}},{"start":{"line":111,"column":4},"end":{"line":193,"column":14},"skip":true}]},"9":{"line":91,"type":"binary-expr","locations":[{"start":{"line":91,"column":42},"end":{"line":91,"column":73}},{"start":{"line":91,"column":77},"end":{"line":99,"column":9}}]},"10":{"line":102,"type":"binary-expr","locations":[{"start":{"line":102,"column":18},"end":{"line":102,"column":32}},{"start":{"line":103,"column":12},"end":{"line":103,"column":53}},{"start":{"line":104,"column":12},"end":{"line":104,"column":61}}]},"11":{"line":112,"type":"binary-expr","locations":[{"start":{"line":112,"column":45},"end":{"line":112,"column":79},"skip":true},{"start":{"line":112,"column":83},"end":{"line":121,"column":9},"skip":true}]},"12":{"line":123,"type":"binary-expr","locations":[{"start":{"line":123,"column":42},"end":{"line":123,"column":73},"skip":true},{"start":{"line":123,"column":77},"end":{"line":136,"column":9},"skip":true}]},"13":{"line":138,"type":"binary-expr","locations":[{"start":{"line":138,"column":48},"end":{"line":138,"column":85},"skip":true},{"start":{"line":139,"column":12},"end":{"line":145,"column":13},"skip":true}]},"14":{"line":147,"type":"binary-expr","locations":[{"start":{"line":147,"column":42},"end":{"line":147,"column":73},"skip":true},{"start":{"line":147,"column":77},"end":{"line":156,"column":9},"skip":true}]},"15":{"line":158,"type":"binary-expr","locations":[{"start":{"line":158,"column":45},"end":{"line":158,"column":79},"skip":true},{"start":{"line":158,"column":83},"end":{"line":167,"column":9},"skip":true}]},"16":{"line":169,"type":"binary-expr","locations":[{"start":{"line":169,"column":43},"end":{"line":169,"column":75},"skip":true},{"start":{"line":169,"column":79},"end":{"line":178,"column":9},"skip":true}]},"17":{"line":180,"type":"binary-expr","locations":[{"start":{"line":180,"column":41},"end":{"line":180,"column":71},"skip":true},{"start":{"line":180,"column":75},"end":{"line":189,"column":9},"skip":true}]}},"code":["/* istanbul instrument in package npmtest_restful */","/*jslint","    bitwise: true,","    browser: true,","    maxerr: 8,","    maxlen: 96,","    node: true,","    nomen: true,","    regexp: true,","    stupid: true","*/","(function () {","    'use strict';","    var local;","","","","    // run shared js-env code - init-before","    (function () {","        // init local","        local = {};","        // init modeJs","        local.modeJs = (function () {","            try {","                return typeof navigator.userAgent === 'string' &&","                    typeof document.querySelector('body') === 'object' &&","                    typeof XMLHttpRequest.prototype.open === 'function' &&","                    'browser';","            } catch (errorCaughtBrowser) {","                return module.exports &&","                    typeof process.versions.node === 'string' &&","                    typeof require('http').createServer === 'function' &&","                    'node';","            }","        }());","        // init global","        local.global = local.modeJs === 'browser'","            ? window","            : global;","        switch (local.modeJs) {","        // re-init local from window.local","        case 'browser':","            local = local.global.utility2.objectSetDefault(","                local.global.utility2_rollup || local.global.local,","                local.global.utility2","            );","            break;","        // re-init local from example.js","        case 'node':","            local = (local.global.utility2_rollup || require('utility2'))","                .requireReadme();","            break;","        }","        // export local","        local.global.local = local;","    }());","","","","    // run shared js-env code - function","    (function () {","        return;","    }());","    switch (local.modeJs) {","","","","    // run browser js-env code - function","    case 'browser':","        break;","","","","    // run node js-env code - function","    case 'node':","        break;","    }","","","","    // run shared js-env code - init-after","    (function () {","        return;","    }());","    switch (local.modeJs) {","","","","    // run browser js-env code - init-after","    case 'browser':","        local.testCase_browser_nullCase = local.testCase_browser_nullCase || function (","            options,","            onError","        ) {","        /*","         * this function will test browsers's null-case handling-behavior-behavior","         */","            onError(null, options);","        };","","        // run tests","        local.nop(local.modeTest &&","            document.querySelector('#testRunButton1') &&","            document.querySelector('#testRunButton1').click());","        break;","","","","    // run node js-env code - init-after","    /* istanbul ignore next */","    case 'node':","        local.testCase_buildApidoc_default = local.testCase_buildApidoc_default || function (","            options,","            onError","        ) {","        /*","         * this function will test buildApidoc's default handling-behavior-behavior","         */","            options = { modulePathList: module.paths };","            local.buildApidoc(options, onError);","        };","","        local.testCase_buildApp_default = local.testCase_buildApp_default || function (","            options,","            onError","        ) {","        /*","         * this function will test buildApp's default handling-behavior-behavior","         */","            local.testCase_buildReadme_default(options, local.onErrorThrow);","            local.testCase_buildLib_default(options, local.onErrorThrow);","            local.testCase_buildTest_default(options, local.onErrorThrow);","            local.testCase_buildCustomOrg_default(options, local.onErrorThrow);","            options = [];","            local.buildApp(options, onError);","        };","","        local.testCase_buildCustomOrg_default = local.testCase_buildCustomOrg_default ||","            function (options, onError) {","            /*","             * this function will test buildCustomOrg's default handling-behavior","             */","                options = {};","                local.buildCustomOrg(options, onError);","            };","","        local.testCase_buildLib_default = local.testCase_buildLib_default || function (","            options,","            onError","        ) {","        /*","         * this function will test buildLib's default handling-behavior","         */","            options = {};","            local.buildLib(options, onError);","        };","","        local.testCase_buildReadme_default = local.testCase_buildReadme_default || function (","            options,","            onError","        ) {","        /*","         * this function will test buildReadme's default handling-behavior-behavior","         */","            options = {};","            local.buildReadme(options, onError);","        };","","        local.testCase_buildTest_default = local.testCase_buildTest_default || function (","            options,","            onError","        ) {","        /*","         * this function will test buildTest's default handling-behavior","         */","            options = {};","            local.buildTest(options, onError);","        };","","        local.testCase_webpage_default = local.testCase_webpage_default || function (","            options,","            onError","        ) {","        /*","         * this function will test webpage's default handling-behavior","         */","            options = { modeCoverageMerge: true, url: local.serverLocalHost + '?modeTest=1' };","            local.browserTest(options, onError);","        };","","        // run test-server","        local.testRunServer(local);","        break;","    }","}());",""],"l":{"12":2,"14":2,"19":2,"21":2,"23":2,"24":2,"25":2,"30":1,"37":2,"40":2,"43":1,"47":1,"50":1,"52":1,"55":2,"61":2,"62":2,"64":2,"70":1,"76":1,"82":2,"83":2,"85":2,"91":1,"98":1,"102":1,"105":1,"112":1,"119":1,"120":1,"123":1,"130":1,"131":1,"132":1,"133":1,"134":1,"135":1,"138":1,"143":2,"144":2,"147":1,"154":2,"155":2,"158":1,"165":2,"166":2,"169":1,"176":2,"177":2,"180":1,"187":1,"188":1,"192":1,"193":1}},"/home/travis/build/npmtest/node-npmtest-restful/lib.npmtest_restful.js":{"path":"/home/travis/build/npmtest/node-npmtest-restful/lib.npmtest_restful.js","s":{"1":2,"2":2,"3":2,"4":2,"5":2,"6":2,"7":2,"8":1,"9":2,"10":2,"11":2,"12":2,"13":1,"14":1,"15":1,"16":1},"b":{"1":[2,1,1,1],"2":[1,1,1,1],"3":[1,1],"4":[2,2],"5":[1,1]},"f":{"1":2,"2":2,"3":2},"fnMap":{"1":{"name":"(anonymous_1)","line":12,"loc":{"start":{"line":12,"column":1},"end":{"line":12,"column":13}}},"2":{"name":"(anonymous_2)","line":19,"loc":{"start":{"line":19,"column":5},"end":{"line":19,"column":17}}},"3":{"name":"(anonymous_3)","line":23,"loc":{"start":{"line":23,"column":24},"end":{"line":23,"column":36}}}},"statementMap":{"1":{"start":{"line":12,"column":0},"end":{"line":53,"column":5}},"2":{"start":{"line":14,"column":4},"end":{"line":14,"column":14}},"3":{"start":{"line":19,"column":4},"end":{"line":52,"column":9}},"4":{"start":{"line":21,"column":8},"end":{"line":21,"column":19}},"5":{"start":{"line":23,"column":8},"end":{"line":35,"column":13}},"6":{"start":{"line":24,"column":12},"end":{"line":34,"column":13}},"7":{"start":{"line":25,"column":16},"end":{"line":28,"column":30}},"8":{"start":{"line":30,"column":16},"end":{"line":33,"column":27}},"9":{"start":{"line":37,"column":8},"end":{"line":39,"column":21}},"10":{"start":{"line":41,"column":8},"end":{"line":41,"column":54}},"11":{"start":{"line":43,"column":8},"end":{"line":43,"column":52}},"12":{"start":{"line":45,"column":8},"end":{"line":51,"column":9}},"13":{"start":{"line":46,"column":12},"end":{"line":46,"column":58}},"14":{"start":{"line":48,"column":12},"end":{"line":48,"column":35}},"15":{"start":{"line":49,"column":12},"end":{"line":49,"column":49}},"16":{"start":{"line":50,"column":12},"end":{"line":50,"column":43}}},"branchMap":{"1":{"line":25,"type":"binary-expr","locations":[{"start":{"line":25,"column":23},"end":{"line":25,"column":62}},{"start":{"line":26,"column":20},"end":{"line":26,"column":70}},{"start":{"line":27,"column":20},"end":{"line":27,"column":71}},{"start":{"line":28,"column":20},"end":{"line":28,"column":29}}]},"2":{"line":30,"type":"binary-expr","locations":[{"start":{"line":30,"column":23},"end":{"line":30,"column":37}},{"start":{"line":31,"column":20},"end":{"line":31,"column":61}},{"start":{"line":32,"column":20},"end":{"line":32,"column":70}},{"start":{"line":33,"column":20},"end":{"line":33,"column":26}}]},"3":{"line":37,"type":"cond-expr","locations":[{"start":{"line":38,"column":14},"end":{"line":38,"column":20}},{"start":{"line":39,"column":14},"end":{"line":39,"column":20}}]},"4":{"line":41,"type":"binary-expr","locations":[{"start":{"line":41,"column":16},"end":{"line":41,"column":44}},{"start":{"line":41,"column":48},"end":{"line":41,"column":53}}]},"5":{"line":45,"type":"if","locations":[{"start":{"line":45,"column":8},"end":{"line":45,"column":8}},{"start":{"line":45,"column":8},"end":{"line":45,"column":8}}]}},"code":["/* istanbul instrument in package npmtest_restful */","/*jslint","    bitwise: true,","    browser: true,","    maxerr: 8,","    maxlen: 96,","    node: true,","    nomen: true,","    regexp: true,","    stupid: true","*/","(function () {","    'use strict';","    var local;","","","","    // run shared js-env code - init-before","    (function () {","        // init local","        local = {};","        // init modeJs","        local.modeJs = (function () {","            try {","                return typeof navigator.userAgent === 'string' &&","                    typeof document.querySelector('body') === 'object' &&","                    typeof XMLHttpRequest.prototype.open === 'function' &&","                    'browser';","            } catch (errorCaughtBrowser) {","                return module.exports &&","                    typeof process.versions.node === 'string' &&","                    typeof require('http').createServer === 'function' &&","                    'node';","            }","        }());","        // init global","        local.global = local.modeJs === 'browser'","            ? window","            : global;","        // init utility2_rollup","        local = local.global.utility2_rollup || local;","        // init lib","        local.local = local.npmtest_restful = local;","        // init exports","        if (local.modeJs === 'browser') {","            local.global.utility2_npmtest_restful = local;","        } else {","            module.exports = local;","            module.exports.__dirname = __dirname;","            module.exports.module = module;","        }","    }());","}());",""],"l":{"12":2,"14":2,"19":2,"21":2,"23":2,"24":2,"25":2,"30":1,"37":2,"41":2,"43":2,"45":2,"46":1,"48":1,"49":1,"50":1}},"/home/travis/build/npmtest/node-npmtest-restful/example.js":{"path":"/home/travis/build/npmtest/node-npmtest-restful/example.js","s":{"1":2,"2":2,"3":2,"4":2,"5":2,"6":2,"7":2,"8":1,"9":2,"10":2,"11":2,"12":2,"13":1,"14":2,"15":2,"16":2,"17":2,"18":2,"19":0,"20":2,"21":1,"22":1,"23":1,"24":1,"25":1,"26":0,"27":0,"28":1,"29":1,"30":2,"31":0,"32":0,"33":0,"34":1,"35":2,"36":2,"37":3,"38":3,"39":3,"40":3,"41":0,"42":3,"43":3,"44":3,"45":1,"46":3,"47":1,"48":1,"49":1,"50":1,"51":1,"52":1,"53":1,"54":1,"55":1,"56":1,"57":0,"58":1,"59":6,"60":6,"61":1,"62":2,"63":0,"64":2,"65":1,"66":1,"67":0,"68":0,"69":0,"70":0,"71":0,"72":0,"73":0,"74":0,"75":0,"76":0,"77":0,"78":0,"79":0,"80":0,"81":0,"82":0,"83":0},"b":{"1":[2,1,1,1],"2":[1,1,1,1],"3":[1,1],"4":[2,2],"5":[1,1],"6":[1,1],"7":[2,0],"8":[2,1,1,1,1,1],"9":[0,2,0],"10":[1,1],"11":[2,1,1],"12":[1,0],"13":[0,2],"14":[2,0,0,0,0,0,0],"15":[0,3],"16":[3,0],"17":[1,1],"18":[0,1],"19":[1,2,0,2],"20":[1,0],"21":[1,1],"22":[0,0],"23":[0,0],"24":[0,0],"25":[0,0],"26":[0,0],"27":[0,0],"28":[0,0]},"f":{"1":2,"2":2,"3":2,"4":2,"5":2,"6":2,"7":3,"8":3,"9":3,"10":1,"11":6,"12":0},"fnMap":{"1":{"name":"(anonymous_1)","line":26,"loc":{"start":{"line":26,"column":1},"end":{"line":26,"column":13}}},"2":{"name":"(anonymous_2)","line":33,"loc":{"start":{"line":33,"column":5},"end":{"line":33,"column":17}}},"3":{"name":"(anonymous_3)","line":37,"loc":{"start":{"line":37,"column":24},"end":{"line":37,"column":36}}},"4":{"name":"(anonymous_4)","line":69,"loc":{"start":{"line":69,"column":31},"end":{"line":69,"column":48}},"skip":true},"5":{"name":"(anonymous_5)","line":78,"loc":{"start":{"line":78,"column":26},"end":{"line":78,"column":45}},"skip":true},"6":{"name":"(anonymous_6)","line":123,"loc":{"start":{"line":123,"column":33},"end":{"line":123,"column":48}},"skip":true},"7":{"name":"(anonymous_7)","line":125,"loc":{"start":{"line":125,"column":27},"end":{"line":125,"column":39}},"skip":true},"8":{"name":"(anonymous_8)","line":133,"loc":{"start":{"line":133,"column":59},"end":{"line":133,"column":74}},"skip":true},"9":{"name":"(anonymous_9)","line":143,"loc":{"start":{"line":143,"column":45},"end":{"line":143,"column":62}},"skip":true},"10":{"name":"(anonymous_10)","line":144,"loc":{"start":{"line":144,"column":73},"end":{"line":144,"column":92}},"skip":true},"11":{"name":"(anonymous_11)","line":272,"loc":{"start":{"line":272,"column":51},"end":{"line":272,"column":77}},"skip":true},"12":{"name":"(anonymous_12)","line":315,"loc":{"start":{"line":315,"column":32},"end":{"line":315,"column":61}},"skip":true}},"statementMap":{"1":{"start":{"line":26,"column":0},"end":{"line":326,"column":5}},"2":{"start":{"line":28,"column":4},"end":{"line":28,"column":14}},"3":{"start":{"line":33,"column":4},"end":{"line":60,"column":9}},"4":{"start":{"line":35,"column":8},"end":{"line":35,"column":19}},"5":{"start":{"line":37,"column":8},"end":{"line":49,"column":13}},"6":{"start":{"line":38,"column":12},"end":{"line":48,"column":13}},"7":{"start":{"line":39,"column":16},"end":{"line":42,"column":30}},"8":{"start":{"line":44,"column":16},"end":{"line":47,"column":27}},"9":{"start":{"line":51,"column":8},"end":{"line":53,"column":21}},"10":{"start":{"line":55,"column":8},"end":{"line":57,"column":45}},"11":{"start":{"line":59,"column":8},"end":{"line":59,"column":35}},"12":{"start":{"line":61,"column":4},"end":{"line":325,"column":5}},"13":{"start":{"line":69,"column":8},"end":{"line":121,"column":10},"skip":true},"14":{"start":{"line":70,"column":12},"end":{"line":88,"column":13},"skip":true},"15":{"start":{"line":76,"column":16},"end":{"line":87,"column":19},"skip":true},"16":{"start":{"line":79,"column":20},"end":{"line":86,"column":21},"skip":true},"17":{"start":{"line":82,"column":24},"end":{"line":82,"column":43},"skip":true},"18":{"start":{"line":83,"column":24},"end":{"line":83,"column":30},"skip":true},"19":{"start":{"line":85,"column":24},"end":{"line":85,"column":49},"skip":true},"20":{"start":{"line":89,"column":12},"end":{"line":107,"column":13},"skip":true},"21":{"start":{"line":92,"column":16},"end":{"line":102,"column":17},"skip":true},"22":{"start":{"line":93,"column":20},"end":{"line":93,"column":86},"skip":true},"23":{"start":{"line":94,"column":20},"end":{"line":95,"column":45},"skip":true},"24":{"start":{"line":96,"column":20},"end":{"line":96,"column":42},"skip":true},"25":{"start":{"line":97,"column":20},"end":{"line":97,"column":48},"skip":true},"26":{"start":{"line":100,"column":20},"end":{"line":100,"column":85},"skip":true},"27":{"start":{"line":101,"column":20},"end":{"line":101,"column":96},"skip":true},"28":{"start":{"line":103,"column":16},"end":{"line":103,"column":22},"skip":true},"29":{"start":{"line":106,"column":16},"end":{"line":106,"column":22},"skip":true},"30":{"start":{"line":108,"column":12},"end":{"line":120,"column":13},"skip":true},"31":{"start":{"line":114,"column":16},"end":{"line":119,"column":17},"skip":true},"32":{"start":{"line":116,"column":20},"end":{"line":116,"column":78},"skip":true},"33":{"start":{"line":118,"column":20},"end":{"line":118,"column":47},"skip":true},"34":{"start":{"line":123,"column":8},"end":{"line":141,"column":11},"skip":true},"35":{"start":{"line":124,"column":12},"end":{"line":124,"column":54},"skip":true},"36":{"start":{"line":125,"column":12},"end":{"line":140,"column":14},"skip":true},"37":{"start":{"line":126,"column":16},"end":{"line":126,"column":28},"skip":true},"38":{"start":{"line":127,"column":16},"end":{"line":127,"column":69},"skip":true},"39":{"start":{"line":128,"column":16},"end":{"line":128,"column":75},"skip":true},"40":{"start":{"line":129,"column":16},"end":{"line":131,"column":17},"skip":true},"41":{"start":{"line":130,"column":20},"end":{"line":130,"column":27},"skip":true},"42":{"start":{"line":133,"column":16},"end":{"line":137,"column":36},"skip":true},"43":{"start":{"line":134,"column":20},"end":{"line":136,"column":55},"skip":true},"44":{"start":{"line":139,"column":16},"end":{"line":139,"column":57},"skip":true},"45":{"start":{"line":143,"column":8},"end":{"line":147,"column":11},"skip":true},"46":{"start":{"line":144,"column":12},"end":{"line":146,"column":15},"skip":true},"47":{"start":{"line":145,"column":16},"end":{"line":145,"column":70},"skip":true},"48":{"start":{"line":149,"column":8},"end":{"line":149,"column":31},"skip":true},"49":{"start":{"line":150,"column":8},"end":{"line":150,"column":14},"skip":true},"50":{"start":{"line":158,"column":8},"end":{"line":158,"column":31},"skip":true},"51":{"start":{"line":160,"column":8},"end":{"line":160,"column":33},"skip":true},"52":{"start":{"line":161,"column":8},"end":{"line":161,"column":37},"skip":true},"53":{"start":{"line":162,"column":8},"end":{"line":162,"column":35},"skip":true},"54":{"start":{"line":164,"column":8},"end":{"line":164,"column":50},"skip":true},"55":{"start":{"line":166,"column":8},"end":{"line":256,"column":2},"skip":true},"56":{"start":{"line":258,"column":8},"end":{"line":286,"column":9},"skip":true},"57":{"start":{"line":259,"column":12},"end":{"line":269,"column":14},"skip":true},"58":{"start":{"line":271,"column":12},"end":{"line":285,"column":19},"skip":true},"59":{"start":{"line":274,"column":20},"end":{"line":274,"column":35},"skip":true},"60":{"start":{"line":275,"column":20},"end":{"line":284,"column":21},"skip":true},"61":{"start":{"line":277,"column":24},"end":{"line":277,"column":64},"skip":true},"62":{"start":{"line":279,"column":24},"end":{"line":279,"column":40},"skip":true},"63":{"start":{"line":281,"column":24},"end":{"line":281,"column":40},"skip":true},"64":{"start":{"line":283,"column":24},"end":{"line":283,"column":39},"skip":true},"65":{"start":{"line":288,"column":8},"end":{"line":290,"column":9},"skip":true},"66":{"start":{"line":289,"column":12},"end":{"line":289,"column":18},"skip":true},"67":{"start":{"line":291,"column":8},"end":{"line":293,"column":54},"skip":true},"68":{"start":{"line":296,"column":8},"end":{"line":301,"column":37},"skip":true},"69":{"start":{"line":303,"column":8},"end":{"line":303,"column":82},"skip":true},"70":{"start":{"line":306,"column":8},"end":{"line":308,"column":9},"skip":true},"71":{"start":{"line":307,"column":12},"end":{"line":307,"column":82},"skip":true},"72":{"start":{"line":310,"column":8},"end":{"line":312,"column":9},"skip":true},"73":{"start":{"line":311,"column":12},"end":{"line":311,"column":18},"skip":true},"74":{"start":{"line":313,"column":8},"end":{"line":313,"column":54},"skip":true},"75":{"start":{"line":314,"column":8},"end":{"line":314,"column":69},"skip":true},"76":{"start":{"line":315,"column":8},"end":{"line":323,"column":36},"skip":true},"77":{"start":{"line":316,"column":12},"end":{"line":316,"column":61},"skip":true},"78":{"start":{"line":317,"column":12},"end":{"line":320,"column":13},"skip":true},"79":{"start":{"line":318,"column":16},"end":{"line":318,"column":75},"skip":true},"80":{"start":{"line":319,"column":16},"end":{"line":319,"column":23},"skip":true},"81":{"start":{"line":321,"column":12},"end":{"line":321,"column":38},"skip":true},"82":{"start":{"line":322,"column":12},"end":{"line":322,"column":27},"skip":true},"83":{"start":{"line":324,"column":8},"end":{"line":324,"column":14},"skip":true}},"branchMap":{"1":{"line":39,"type":"binary-expr","locations":[{"start":{"line":39,"column":23},"end":{"line":39,"column":62}},{"start":{"line":40,"column":20},"end":{"line":40,"column":70}},{"start":{"line":41,"column":20},"end":{"line":41,"column":71}},{"start":{"line":42,"column":20},"end":{"line":42,"column":29}}]},"2":{"line":44,"type":"binary-expr","locations":[{"start":{"line":44,"column":23},"end":{"line":44,"column":37}},{"start":{"line":45,"column":20},"end":{"line":45,"column":61}},{"start":{"line":46,"column":20},"end":{"line":46,"column":70}},{"start":{"line":47,"column":20},"end":{"line":47,"column":26}}]},"3":{"line":51,"type":"cond-expr","locations":[{"start":{"line":52,"column":14},"end":{"line":52,"column":20}},{"start":{"line":53,"column":14},"end":{"line":53,"column":20}}]},"4":{"line":55,"type":"binary-expr","locations":[{"start":{"line":55,"column":16},"end":{"line":55,"column":44}},{"start":{"line":55,"column":49},"end":{"line":57,"column":43}}]},"5":{"line":55,"type":"cond-expr","locations":[{"start":{"line":56,"column":14},"end":{"line":56,"column":51}},{"start":{"line":57,"column":14},"end":{"line":57,"column":43}}]},"6":{"line":61,"type":"switch","locations":[{"start":{"line":68,"column":4},"end":{"line":150,"column":14},"skip":true},{"start":{"line":156,"column":4},"end":{"line":324,"column":14},"skip":true}]},"7":{"line":70,"type":"if","locations":[{"start":{"line":70,"column":12},"end":{"line":70,"column":12},"skip":true},{"start":{"line":70,"column":12},"end":{"line":70,"column":12},"skip":true}]},"8":{"line":70,"type":"binary-expr","locations":[{"start":{"line":70,"column":16},"end":{"line":70,"column":22},"skip":true},{"start":{"line":70,"column":27},"end":{"line":70,"column":32},"skip":true},{"start":{"line":71,"column":20},"end":{"line":71,"column":39},"skip":true},{"start":{"line":72,"column":20},"end":{"line":72,"column":49},"skip":true},{"start":{"line":73,"column":20},"end":{"line":73,"column":58},"skip":true},{"start":{"line":74,"column":20},"end":{"line":74,"column":69},"skip":true}]},"9":{"line":79,"type":"switch","locations":[{"start":{"line":80,"column":20},"end":{"line":80,"column":33},"skip":true},{"start":{"line":81,"column":20},"end":{"line":83,"column":30},"skip":true},{"start":{"line":84,"column":20},"end":{"line":85,"column":49},"skip":true}]},"10":{"line":89,"type":"switch","locations":[{"start":{"line":90,"column":12},"end":{"line":103,"column":22},"skip":true},{"start":{"line":105,"column":12},"end":{"line":106,"column":22},"skip":true}]},"11":{"line":89,"type":"binary-expr","locations":[{"start":{"line":89,"column":20},"end":{"line":89,"column":25},"skip":true},{"start":{"line":89,"column":29},"end":{"line":89,"column":48},"skip":true},{"start":{"line":89,"column":52},"end":{"line":89,"column":74},"skip":true}]},"12":{"line":92,"type":"if","locations":[{"start":{"line":92,"column":16},"end":{"line":92,"column":16},"skip":true},{"start":{"line":92,"column":16},"end":{"line":92,"column":16},"skip":true}]},"13":{"line":108,"type":"if","locations":[{"start":{"line":108,"column":12},"end":{"line":108,"column":12},"skip":true},{"start":{"line":108,"column":12},"end":{"line":108,"column":12},"skip":true}]},"14":{"line":108,"type":"binary-expr","locations":[{"start":{"line":108,"column":16},"end":{"line":108,"column":61},"skip":true},{"start":{"line":108,"column":66},"end":{"line":108,"column":72},"skip":true},{"start":{"line":108,"column":77},"end":{"line":108,"column":82},"skip":true},{"start":{"line":109,"column":20},"end":{"line":109,"column":39},"skip":true},{"start":{"line":110,"column":20},"end":{"line":110,"column":49},"skip":true},{"start":{"line":111,"column":20},"end":{"line":111,"column":58},"skip":true},{"start":{"line":112,"column":20},"end":{"line":112,"column":68},"skip":true}]},"15":{"line":129,"type":"if","locations":[{"start":{"line":129,"column":16},"end":{"line":129,"column":16},"skip":true},{"start":{"line":129,"column":16},"end":{"line":129,"column":16},"skip":true}]},"16":{"line":134,"type":"cond-expr","locations":[{"start":{"line":135,"column":26},"end":{"line":135,"column":29},"skip":true},{"start":{"line":136,"column":26},"end":{"line":136,"column":54},"skip":true}]},"17":{"line":164,"type":"binary-expr","locations":[{"start":{"line":164,"column":27},"end":{"line":164,"column":43},"skip":true},{"start":{"line":164,"column":47},"end":{"line":164,"column":49},"skip":true}]},"18":{"line":258,"type":"if","locations":[{"start":{"line":258,"column":8},"end":{"line":258,"column":8},"skip":true},{"start":{"line":258,"column":8},"end":{"line":258,"column":8},"skip":true}]},"19":{"line":275,"type":"switch","locations":[{"start":{"line":276,"column":20},"end":{"line":277,"column":64},"skip":true},{"start":{"line":278,"column":20},"end":{"line":279,"column":40},"skip":true},{"start":{"line":280,"column":20},"end":{"line":281,"column":40},"skip":true},{"start":{"line":282,"column":20},"end":{"line":283,"column":39},"skip":true}]},"20":{"line":288,"type":"if","locations":[{"start":{"line":288,"column":8},"end":{"line":288,"column":8},"skip":true},{"start":{"line":288,"column":8},"end":{"line":288,"column":8},"skip":true}]},"21":{"line":288,"type":"binary-expr","locations":[{"start":{"line":288,"column":12},"end":{"line":288,"column":40},"skip":true},{"start":{"line":288,"column":44},"end":{"line":288,"column":67},"skip":true}]},"22":{"line":292,"type":"binary-expr","locations":[{"start":{"line":292,"column":12},"end":{"line":292,"column":50},"skip":true},{"start":{"line":293,"column":12},"end":{"line":293,"column":53},"skip":true}]},"23":{"line":297,"type":"binary-expr","locations":[{"start":{"line":297,"column":12},"end":{"line":297,"column":65},"skip":true},{"start":{"line":298,"column":12},"end":{"line":301,"column":36},"skip":true}]},"24":{"line":303,"type":"binary-expr","locations":[{"start":{"line":303,"column":43},"end":{"line":303,"column":75},"skip":true},{"start":{"line":303,"column":79},"end":{"line":303,"column":81},"skip":true}]},"25":{"line":306,"type":"if","locations":[{"start":{"line":306,"column":8},"end":{"line":306,"column":8},"skip":true},{"start":{"line":306,"column":8},"end":{"line":306,"column":8},"skip":true}]},"26":{"line":310,"type":"if","locations":[{"start":{"line":310,"column":8},"end":{"line":310,"column":8},"skip":true},{"start":{"line":310,"column":8},"end":{"line":310,"column":8},"skip":true}]},"27":{"line":313,"type":"binary-expr","locations":[{"start":{"line":313,"column":27},"end":{"line":313,"column":43},"skip":true},{"start":{"line":313,"column":47},"end":{"line":313,"column":53},"skip":true}]},"28":{"line":317,"type":"if","locations":[{"start":{"line":317,"column":12},"end":{"line":317,"column":12},"skip":true},{"start":{"line":317,"column":12},"end":{"line":317,"column":12},"skip":true}]}},"code":["/*","example.js","","quickstart example","","instruction","    1. save this script as example.js","    2. run the shell command:","        $ npm install npmtest-restful && PORT=8081 node example.js","    3. play with the browser-demo on http://127.0.0.1:8081","*/","","","","/* istanbul instrument in package npmtest_restful */","/*jslint","    bitwise: true,","    browser: true,","    maxerr: 8,","    maxlen: 96,","    node: true,","    nomen: true,","    regexp: true,","    stupid: true","*/","(function () {","    'use strict';","    var local;","","","","    // run shared js-env code - init-before","    (function () {","        // init local","        local = {};","        // init modeJs","        local.modeJs = (function () {","            try {","                return typeof navigator.userAgent === 'string' &&","                    typeof document.querySelector('body') === 'object' &&","                    typeof XMLHttpRequest.prototype.open === 'function' &&","                    'browser';","            } catch (errorCaughtBrowser) {","                return module.exports &&","                    typeof process.versions.node === 'string' &&","                    typeof require('http').createServer === 'function' &&","                    'node';","            }","        }());","        // init global","        local.global = local.modeJs === 'browser'","            ? window","            : global;","        // init utility2_rollup","        local = local.global.utility2_rollup || (local.modeJs === 'browser'","            ? local.global.utility2_npmtest_restful","            : global.utility2_moduleExports);","        // export local","        local.global.local = local;","    }());","    switch (local.modeJs) {","","","","    // init-after","    // run browser js-env code - init-after","    /* istanbul ignore next */","    case 'browser':","        local.testRunBrowser = function (event) {","            if (!event || (event &&","                    event.currentTarget &&","                    event.currentTarget.className &&","                    event.currentTarget.className.includes &&","                    event.currentTarget.className.includes('onreset'))) {","                // reset output","                Array.from(","                    document.querySelectorAll('body > .resettable')","                ).forEach(function (element) {","                    switch (element.tagName) {","                    case 'INPUT':","                    case 'TEXTAREA':","                        element.value = '';","                        break;","                    default:","                        element.textContent = '';","                    }","                });","            }","            switch (event && event.currentTarget && event.currentTarget.id) {","            case 'testRunButton1':","                // show tests","                if (document.querySelector('#testReportDiv1').style.display === 'none') {","                    document.querySelector('#testReportDiv1').style.display = 'block';","                    document.querySelector('#testRunButton1').textContent =","                        'hide internal test';","                    local.modeTest = true;","                    local.testRunDefault(local);","                // hide tests","                } else {","                    document.querySelector('#testReportDiv1').style.display = 'none';","                    document.querySelector('#testRunButton1').textContent = 'run internal test';","                }","                break;","            // custom-case","            default:","                break;","            }","            if (document.querySelector('#inputTextareaEval1') && (!event || (event &&","                    event.currentTarget &&","                    event.currentTarget.className &&","                    event.currentTarget.className.includes &&","                    event.currentTarget.className.includes('oneval')))) {","                // try to eval input-code","                try {","                    /*jslint evil: true*/","                    eval(document.querySelector('#inputTextareaEval1').value);","                } catch (errorCaught) {","                    console.error(errorCaught);","                }","            }","        };","        // log stderr and stdout to #outputTextareaStdout1","        ['error', 'log'].forEach(function (key) {","            console[key + '_original'] = console[key];","            console[key] = function () {","                var element;","                console[key + '_original'].apply(console, arguments);","                element = document.querySelector('#outputTextareaStdout1');","                if (!element) {","                    return;","                }","                // append text to #outputTextareaStdout1","                element.value += Array.from(arguments).map(function (arg) {","                    return typeof arg === 'string'","                        ? arg","                        : JSON.stringify(arg, null, 4);","                }).join(' ') + '\\n';","                // scroll textarea to bottom","                element.scrollTop = element.scrollHeight;","            };","        });","        // init event-handling","        ['change', 'click', 'keyup'].forEach(function (event) {","            Array.from(document.querySelectorAll('.on' + event)).forEach(function (element) {","                element.addEventListener(event, local.testRunBrowser);","            });","        });","        // run tests","        local.testRunBrowser();","        break;","","","","    // run node js-env code - init-after","    /* istanbul ignore next */","    case 'node':","        // export local","        module.exports = local;","        // require modules","        local.fs = require('fs');","        local.http = require('http');","        local.url = require('url');","        // init assets","        local.assetsDict = local.assetsDict || {};","        /* jslint-ignore-begin */","        local.assetsDict['/assets.index.template.html'] = '\\","<!doctype html>\\n\\","<html lang=\"en\">\\n\\","<head>\\n\\","<meta charset=\"UTF-8\">\\n\\","<meta name=\"viewport\" content=\"width=device-width, initial-scale=1\">\\n\\","<title>{{env.npm_package_name}} (v{{env.npm_package_version}})</title>\\n\\","<style>\\n\\","/*csslint\\n\\","    box-sizing: false,\\n\\","    universal-selector: false\\n\\","*/\\n\\","* {\\n\\","    box-sizing: border-box;\\n\\","}\\n\\","body {\\n\\","    background: #dde;\\n\\","    font-family: Arial, Helvetica, sans-serif;\\n\\","    margin: 2rem;\\n\\","}\\n\\","body > * {\\n\\","    margin-bottom: 1rem;\\n\\","}\\n\\",".utility2FooterDiv {\\n\\","    margin-top: 20px;\\n\\","    text-align: center;\\n\\","}\\n\\","</style>\\n\\","<style>\\n\\","/*csslint\\n\\","*/\\n\\","textarea {\\n\\","    font-family: monospace;\\n\\","    height: 10rem;\\n\\","    width: 100%;\\n\\","}\\n\\","textarea[readonly] {\\n\\","    background: #ddd;\\n\\","}\\n\\","</style>\\n\\","</head>\\n\\","<body>\\n\\","<!-- utility2-comment\\n\\","<div id=\"ajaxProgressDiv1\" style=\"background: #d00; height: 2px; left: 0; margin: 0; padding: 0; position: fixed; top: 0; transition: background 0.5s, width 1.5s; width: 25%;\"></div>\\n\\","utility2-comment -->\\n\\","<h1>\\n\\","<!-- utility2-comment\\n\\","    <a\\n\\","        {{#if env.npm_package_homepage}}\\n\\","        href=\"{{env.npm_package_homepage}}\"\\n\\","        {{/if env.npm_package_homepage}}\\n\\","        target=\"_blank\"\\n\\","    >\\n\\","utility2-comment -->\\n\\","        {{env.npm_package_name}} (v{{env.npm_package_version}})\\n\\","<!-- utility2-comment\\n\\","    </a>\\n\\","utility2-comment -->\\n\\","</h1>\\n\\","<h3>{{env.npm_package_description}}</h3>\\n\\","<!-- utility2-comment\\n\\","<h4><a download href=\"assets.app.js\">download standalone app</a></h4>\\n\\","<button class=\"onclick onreset\" id=\"testRunButton1\">run internal test</button><br>\\n\\","<div id=\"testReportDiv1\" style=\"display: none;\"></div>\\n\\","utility2-comment -->\\n\\","\\n\\","\\n\\","\\n\\","<label>stderr and stdout</label>\\n\\","<textarea class=\"resettable\" id=\"outputTextareaStdout1\" readonly></textarea>\\n\\","<!-- utility2-comment\\n\\","{{#if isRollup}}\\n\\","<script src=\"assets.app.js\"></script>\\n\\","{{#unless isRollup}}\\n\\","utility2-comment -->\\n\\","<script src=\"assets.utility2.rollup.js\"></script>\\n\\","<script src=\"jsonp.utility2._stateInit?callback=window.utility2._stateInit\"></script>\\n\\","<script src=\"assets.npmtest_restful.rollup.js\"></script>\\n\\","<script src=\"assets.example.js\"></script>\\n\\","<script src=\"assets.test.js\"></script>\\n\\","<!-- utility2-comment\\n\\","{{/if isRollup}}\\n\\","utility2-comment -->\\n\\","<div class=\"utility2FooterDiv\">\\n\\","    [ this app was created with\\n\\","    <a href=\"https://github.com/kaizhu256/node-utility2\" target=\"_blank\">utility2</a>\\n\\","    ]\\n\\","</div>\\n\\","</body>\\n\\","</html>\\n\\","';","        /* jslint-ignore-end */","        if (local.templateRender) {","            local.assetsDict['/'] = local.templateRender(","                local.assetsDict['/assets.index.template.html'],","                {","                    env: local.objectSetDefault(local.env, {","                        npm_package_description: 'the greatest app in the world!',","                        npm_package_name: 'my-app',","                        npm_package_nameAlias: 'my_app',","                        npm_package_version: '0.0.1'","                    })","                }","            );","        } else {","            local.assetsDict['/'] = local.assetsDict['/assets.index.template.html']","                .replace((/\\{\\{env\\.(\\w+?)\\}\\}/g), function (match0, match1) {","                    // jslint-hack","                    String(match0);","                    switch (match1) {","                    case 'npm_package_description':","                        return 'the greatest app in the world!';","                    case 'npm_package_name':","                        return 'my-app';","                    case 'npm_package_nameAlias':","                        return 'my_app';","                    case 'npm_package_version':","                        return '0.0.1';","                    }","                });","        }","        // run the cli","        if (local.global.utility2_rollup || module !== require.main) {","            break;","        }","        local.assetsDict['/assets.example.js'] =","            local.assetsDict['/assets.example.js'] ||","            local.fs.readFileSync(__filename, 'utf8');","        // bug-workaround - long $npm_package_buildCustomOrg","        /* jslint-ignore-begin */","        local.assetsDict['/assets.npmtest_restful.rollup.js'] =","            local.assetsDict['/assets.npmtest_restful.rollup.js'] ||","            local.fs.readFileSync(","                local.npmtest_restful.__dirname + '/lib.npmtest_restful.js',","                'utf8'","            ).replace((/^#!/), '//');","        /* jslint-ignore-end */","        local.assetsDict['/favicon.ico'] = local.assetsDict['/favicon.ico'] || '';","        // if $npm_config_timeout_exit exists,","        // then exit this process after $npm_config_timeout_exit ms","        if (Number(process.env.npm_config_timeout_exit)) {","            setTimeout(process.exit, Number(process.env.npm_config_timeout_exit));","        }","        // start server","        if (local.global.utility2_serverHttp1) {","            break;","        }","        process.env.PORT = process.env.PORT || '8081';","        console.error('server starting on port ' + process.env.PORT);","        local.http.createServer(function (request, response) {","            request.urlParsed = local.url.parse(request.url);","            if (local.assetsDict[request.urlParsed.pathname] !== undefined) {","                response.end(local.assetsDict[request.urlParsed.pathname]);","                return;","            }","            response.statusCode = 404;","            response.end();","        }).listen(process.env.PORT);","        break;","    }","}());",""],"l":{"26":2,"28":2,"33":2,"35":2,"37":2,"38":2,"39":2,"44":1,"51":2,"55":2,"59":2,"61":2,"69":1,"70":2,"76":2,"79":2,"82":2,"83":2,"85":1,"89":2,"92":1,"93":1,"94":1,"96":1,"97":1,"100":1,"101":1,"103":1,"106":1,"108":2,"114":1,"116":1,"118":1,"123":1,"124":2,"125":2,"126":3,"127":3,"128":3,"129":3,"130":1,"133":3,"134":3,"139":3,"143":1,"144":3,"145":1,"149":1,"150":1,"158":1,"160":1,"161":1,"162":1,"164":1,"166":1,"258":1,"259":1,"271":1,"274":6,"275":6,"277":1,"279":2,"281":1,"283":2,"288":1,"289":1,"291":1,"296":1,"303":1,"306":1,"307":1,"310":1,"311":1,"313":1,"314":1,"315":1,"316":1,"317":1,"318":1,"319":1,"321":1,"322":1,"324":1}},"/home/travis/build/npmtest/node-npmtest-restful/node_modules/restful/lib/restful.js":{"path":"/home/travis/build/npmtest/node-npmtest-restful/node_modules/restful/lib/restful.js","s":{"1":1,"2":1,"3":0,"4":0,"5":0,"6":0,"7":0,"8":0,"9":0,"10":0,"11":0,"12":1,"13":0,"14":1,"15":0,"16":0,"17":0,"18":0,"19":0,"20":0,"21":0,"22":0,"23":0,"24":0,"25":0,"26":1,"27":0,"28":0,"29":0,"30":0,"31":0,"32":1,"33":1,"34":1,"35":0,"36":1,"37":0,"38":0,"39":0,"40":0,"41":0,"42":0,"43":0,"44":0,"45":1,"46":0,"47":0,"48":0,"49":0,"50":0,"51":0,"52":0,"53":0,"54":0,"55":0,"56":0,"57":0,"58":0,"59":0,"60":0,"61":0,"62":0,"63":0,"64":0,"65":0,"66":0,"67":0,"68":0,"69":0,"70":1,"71":0,"72":0,"73":0,"74":0,"75":0,"76":0,"77":0,"78":0,"79":0,"80":0,"81":0,"82":0,"83":0,"84":0,"85":0,"86":0,"87":0,"88":0,"89":0,"90":0,"91":0,"92":0,"93":0,"94":0,"95":0,"96":0,"97":0,"98":0,"99":0,"100":0,"101":0,"102":0,"103":0,"104":0,"105":0,"106":0,"107":0,"108":0,"109":0,"110":0,"111":0,"112":0,"113":0,"114":0,"115":0,"116":0,"117":0,"118":0,"119":0,"120":0,"121":0,"122":0,"123":0,"124":0,"125":0,"126":0,"127":0,"128":0,"129":0,"130":0,"131":0,"132":0,"133":0,"134":0,"135":0,"136":0,"137":0,"138":0,"139":0,"140":0,"141":0,"142":0,"143":0,"144":0,"145":0,"146":0,"147":0,"148":0,"149":0,"150":0,"151":0,"152":0,"153":0,"154":0,"155":0,"156":0,"157":0,"158":0,"159":0,"160":1,"161":0,"162":0,"163":0,"164":0,"165":0,"166":0,"167":0,"168":0,"169":0,"170":0,"171":0,"172":0,"173":0,"174":0,"175":0,"176":0,"177":0,"178":0,"179":0,"180":0,"181":0,"182":0,"183":0,"184":0,"185":0,"186":0,"187":0,"188":0,"189":0,"190":0,"191":0,"192":0,"193":0,"194":0,"195":0,"196":0,"197":0,"198":0,"199":0,"200":0,"201":0,"202":0,"203":0,"204":0,"205":0,"206":0,"207":0,"208":0,"209":0,"210":0,"211":0,"212":0,"213":0,"214":0,"215":0,"216":0,"217":0,"218":0,"219":0,"220":0,"221":0,"222":0,"223":0,"224":1,"225":0,"226":0,"227":0,"228":0,"229":0,"230":0,"231":0,"232":1,"233":0,"234":0,"235":0,"236":0,"237":0,"238":0,"239":0,"240":0,"241":0,"242":0,"243":0,"244":0,"245":0,"246":0,"247":0,"248":0,"249":0,"250":0,"251":0,"252":0,"253":0,"254":0,"255":0,"256":0,"257":0,"258":1,"259":0,"260":1,"261":0,"262":0,"263":0,"264":0,"265":0,"266":0},"b":{"1":[0,0],"2":[0,0],"3":[0,0],"4":[0,0],"5":[0,0],"6":[0,0],"7":[0,0],"8":[0,0,0],"9":[0,0],"10":[0,0],"11":[0,0],"12":[0,0],"13":[0,0],"14":[0,0],"15":[0,0],"16":[0,0],"17":[0,0],"18":[0,0],"19":[0,0],"20":[0,0],"21":[0,0],"22":[0,0],"23":[0,0],"24":[0,0],"25":[0,0],"26":[0,0],"27":[0,0],"28":[0,0],"29":[0,0],"30":[0,0],"31":[0,0],"32":[0,0],"33":[0,0],"34":[0,0],"35":[0,0],"36":[0,0],"37":[0,0],"38":[0,0],"39":[0,0],"40":[0,0],"41":[0,0],"42":[0,0],"43":[0,0],"44":[0,0],"45":[0,0],"46":[0,0],"47":[0,0],"48":[0,0],"49":[0,0],"50":[0,0],"51":[0,0],"52":[0,0],"53":[0,0],"54":[0,0],"55":[0,0],"56":[0,0],"57":[0,0],"58":[0,0],"59":[0,0],"60":[0,0],"61":[0,0],"62":[0,0],"63":[0,0],"64":[0,0],"65":[0,0],"66":[0,0],"67":[0,0],"68":[0,0],"69":[0,0],"70":[0,0],"71":[0,0],"72":[0,0],"73":[0,0],"74":[0,0],"75":[0,0],"76":[0,0]},"f":{"1":0,"2":0,"3":0,"4":0,"5":0,"6":0,"7":0,"8":0,"9":0,"10":0,"11":0,"12":0,"13":0,"14":0,"15":0,"16":0,"17":0,"18":0,"19":0,"20":0,"21":0,"22":0,"23":0,"24":0,"25":0,"26":0,"27":0,"28":0,"29":0,"30":0,"31":0,"32":0,"33":0,"34":0,"35":0,"36":0,"37":0,"38":0,"39":0,"40":0,"41":0,"42":0,"43":0,"44":0,"45":0,"46":0,"47":0,"48":0,"49":0,"50":0,"51":0,"52":0,"53":0,"54":0,"55":0,"56":0},"fnMap":{"1":{"name":"(anonymous_1)","line":18,"loc":{"start":{"line":18,"column":26},"end":{"line":18,"column":51}}},"2":{"name":"(anonymous_2)","line":46,"loc":{"start":{"line":46,"column":23},"end":{"line":46,"column":52}}},"3":{"name":"(anonymous_3)","line":57,"loc":{"start":{"line":57,"column":23},"end":{"line":57,"column":62}}},"4":{"name":"(anonymous_4)","line":59,"loc":{"start":{"line":59,"column":29},"end":{"line":59,"column":49}}},"5":{"name":"(anonymous_5)","line":61,"loc":{"start":{"line":61,"column":19},"end":{"line":61,"column":36}}},"6":{"name":"(anonymous_6)","line":65,"loc":{"start":{"line":65,"column":30},"end":{"line":65,"column":45}}},"7":{"name":"(anonymous_7)","line":96,"loc":{"start":{"line":96,"column":52},"end":{"line":96,"column":81}}},"8":{"name":"(anonymous_8)","line":124,"loc":{"start":{"line":124,"column":15},"end":{"line":124,"column":31}}},"9":{"name":"(anonymous_9)","line":128,"loc":{"start":{"line":128,"column":17},"end":{"line":128,"column":36}}},"10":{"name":"(anonymous_10)","line":131,"loc":{"start":{"line":131,"column":39},"end":{"line":131,"column":59}}},"11":{"name":"(anonymous_11)","line":134,"loc":{"start":{"line":134,"column":39},"end":{"line":134,"column":59}}},"12":{"name":"(anonymous_12)","line":165,"loc":{"start":{"line":165,"column":23},"end":{"line":165,"column":70}}},"13":{"name":"(anonymous_13)","line":189,"loc":{"start":{"line":189,"column":30},"end":{"line":189,"column":41}}},"14":{"name":"(anonymous_14)","line":196,"loc":{"start":{"line":196,"column":20},"end":{"line":196,"column":32}}},"15":{"name":"(anonymous_15)","line":205,"loc":{"start":{"line":205,"column":20},"end":{"line":205,"column":35}}},"16":{"name":"_extend","line":218,"loc":{"start":{"line":218,"column":0},"end":{"line":218,"column":66}}},"17":{"name":"(anonymous_17)","line":227,"loc":{"start":{"line":227,"column":20},"end":{"line":227,"column":40}}},"18":{"name":"(anonymous_18)","line":242,"loc":{"start":{"line":242,"column":24},"end":{"line":242,"column":36}}},"19":{"name":"(anonymous_19)","line":246,"loc":{"start":{"line":246,"column":15},"end":{"line":246,"column":27}}},"20":{"name":"(anonymous_20)","line":250,"loc":{"start":{"line":250,"column":26},"end":{"line":250,"column":50}}},"21":{"name":"(anonymous_21)","line":264,"loc":{"start":{"line":264,"column":39},"end":{"line":264,"column":61}}},"22":{"name":"(anonymous_22)","line":282,"loc":{"start":{"line":282,"column":16},"end":{"line":282,"column":28}}},"23":{"name":"(anonymous_23)","line":298,"loc":{"start":{"line":298,"column":29},"end":{"line":298,"column":41}}},"24":{"name":"(anonymous_24)","line":313,"loc":{"start":{"line":313,"column":37},"end":{"line":313,"column":52}}},"25":{"name":"(anonymous_25)","line":342,"loc":{"start":{"line":342,"column":15},"end":{"line":342,"column":26}}},"26":{"name":"(anonymous_26)","line":343,"loc":{"start":{"line":343,"column":49},"end":{"line":343,"column":59}}},"27":{"name":"(anonymous_27)","line":345,"loc":{"start":{"line":345,"column":32},"end":{"line":345,"column":44}}},"28":{"name":"(anonymous_28)","line":351,"loc":{"start":{"line":351,"column":47},"end":{"line":351,"column":68}}},"29":{"name":"(anonymous_29)","line":371,"loc":{"start":{"line":371,"column":18},"end":{"line":371,"column":30}}},"30":{"name":"(anonymous_30)","line":396,"loc":{"start":{"line":396,"column":17},"end":{"line":396,"column":29}}},"31":{"name":"(anonymous_31)","line":411,"loc":{"start":{"line":411,"column":20},"end":{"line":411,"column":32}}},"32":{"name":"(anonymous_32)","line":416,"loc":{"start":{"line":416,"column":32},"end":{"line":416,"column":55}}},"33":{"name":"(anonymous_33)","line":426,"loc":{"start":{"line":426,"column":17},"end":{"line":426,"column":29}}},"34":{"name":"(anonymous_34)","line":434,"loc":{"start":{"line":434,"column":41},"end":{"line":434,"column":64}}},"35":{"name":"_extendWithNonStrictRoutes","line":473,"loc":{"start":{"line":473,"column":0},"end":{"line":473,"column":72}}},"36":{"name":"(anonymous_36)","line":479,"loc":{"start":{"line":479,"column":37},"end":{"line":479,"column":52}}},"37":{"name":"(anonymous_37)","line":489,"loc":{"start":{"line":489,"column":38},"end":{"line":489,"column":61}}},"38":{"name":"(anonymous_38)","line":506,"loc":{"start":{"line":506,"column":37},"end":{"line":506,"column":49}}},"39":{"name":"(anonymous_39)","line":510,"loc":{"start":{"line":510,"column":36},"end":{"line":510,"column":57}}},"40":{"name":"(anonymous_40)","line":515,"loc":{"start":{"line":515,"column":38},"end":{"line":515,"column":50}}},"41":{"name":"(anonymous_41)","line":519,"loc":{"start":{"line":519,"column":36},"end":{"line":519,"column":57}}},"42":{"name":"(anonymous_42)","line":524,"loc":{"start":{"line":524,"column":36},"end":{"line":524,"column":51}}},"43":{"name":"(anonymous_43)","line":534,"loc":{"start":{"line":534,"column":42},"end":{"line":534,"column":54}}},"44":{"name":"(anonymous_44)","line":536,"loc":{"start":{"line":536,"column":24},"end":{"line":536,"column":39}}},"45":{"name":"(anonymous_45)","line":540,"loc":{"start":{"line":540,"column":24},"end":{"line":540,"column":45}}},"46":{"name":"(anonymous_46)","line":548,"loc":{"start":{"line":548,"column":25},"end":{"line":548,"column":40}}},"47":{"name":"(anonymous_47)","line":552,"loc":{"start":{"line":552,"column":24},"end":{"line":552,"column":45}}},"48":{"name":"(anonymous_48)","line":567,"loc":{"start":{"line":567,"column":26},"end":{"line":567,"column":41}}},"49":{"name":"(anonymous_49)","line":573,"loc":{"start":{"line":573,"column":28},"end":{"line":573,"column":51}}},"50":{"name":"(anonymous_50)","line":585,"loc":{"start":{"line":585,"column":25},"end":{"line":585,"column":40}}},"51":{"name":"(anonymous_51)","line":593,"loc":{"start":{"line":593,"column":42},"end":{"line":593,"column":65}}},"52":{"name":"respondWithResult","line":627,"loc":{"start":{"line":627,"column":0},"end":{"line":627,"column":57}}},"53":{"name":"preprocessRequest","line":649,"loc":{"start":{"line":649,"column":0},"end":{"line":649,"column":63}}},"54":{"name":"inflect","line":755,"loc":{"start":{"line":755,"column":0},"end":{"line":755,"column":23}}},"55":{"name":"prettyPrint","line":759,"loc":{"start":{"line":759,"column":0},"end":{"line":759,"column":33}}},"56":{"name":"(anonymous_56)","line":761,"loc":{"start":{"line":761,"column":20},"end":{"line":761,"column":38}}}},"statementMap":{"1":{"start":{"line":8,"column":0},"end":{"line":16,"column":31}},"2":{"start":{"line":18,"column":0},"end":{"line":36,"column":2}},"3":{"start":{"line":19,"column":2},"end":{"line":20,"column":18}},"4":{"start":{"line":20,"column":4},"end":{"line":20,"column":18}},"5":{"start":{"line":22,"column":2},"end":{"line":22,"column":33}},"6":{"start":{"line":23,"column":2},"end":{"line":23,"column":41}},"7":{"start":{"line":29,"column":2},"end":{"line":30,"column":14}},"8":{"start":{"line":30,"column":4},"end":{"line":30,"column":14}},"9":{"start":{"line":32,"column":2},"end":{"line":33,"column":20}},"10":{"start":{"line":33,"column":4},"end":{"line":33,"column":20}},"11":{"start":{"line":35,"column":2},"end":{"line":35,"column":51}},"12":{"start":{"line":46,"column":0},"end":{"line":48,"column":2}},"13":{"start":{"line":47,"column":2},"end":{"line":47,"column":50}},"14":{"start":{"line":57,"column":0},"end":{"line":80,"column":2}},"15":{"start":{"line":58,"column":2},"end":{"line":75,"column":5}},"16":{"start":{"line":60,"column":4},"end":{"line":60,"column":20}},"17":{"start":{"line":61,"column":4},"end":{"line":63,"column":7}},"18":{"start":{"line":62,"column":6},"end":{"line":62,"column":40}},"19":{"start":{"line":65,"column":4},"end":{"line":74,"column":7}},"20":{"start":{"line":66,"column":6},"end":{"line":72,"column":7}},"21":{"start":{"line":70,"column":8},"end":{"line":70,"column":27}},"22":{"start":{"line":71,"column":8},"end":{"line":71,"column":18}},"23":{"start":{"line":73,"column":6},"end":{"line":73,"column":39}},"24":{"start":{"line":77,"column":2},"end":{"line":77,"column":25}},"25":{"start":{"line":78,"column":2},"end":{"line":78,"column":16}},"26":{"start":{"line":96,"column":0},"end":{"line":108,"column":2}},"27":{"start":{"line":97,"column":2},"end":{"line":97,"column":26}},"28":{"start":{"line":102,"column":2},"end":{"line":102,"column":43}},"29":{"start":{"line":104,"column":2},"end":{"line":104,"column":27}},"30":{"start":{"line":105,"column":2},"end":{"line":105,"column":40}},"31":{"start":{"line":107,"column":2},"end":{"line":107,"column":48}},"32":{"start":{"line":113,"column":0},"end":{"line":113,"column":55}},"33":{"start":{"line":118,"column":0},"end":{"line":118,"column":25}},"34":{"start":{"line":124,"column":0},"end":{"line":126,"column":2}},"35":{"start":{"line":125,"column":2},"end":{"line":125,"column":9}},"36":{"start":{"line":128,"column":0},"end":{"line":152,"column":1}},"37":{"start":{"line":129,"column":2},"end":{"line":129,"column":17}},"38":{"start":{"line":130,"column":2},"end":{"line":151,"column":3}},"39":{"start":{"line":131,"column":4},"end":{"line":133,"column":7}},"40":{"start":{"line":132,"column":6},"end":{"line":132,"column":62}},"41":{"start":{"line":134,"column":4},"end":{"line":150,"column":7}},"42":{"start":{"line":135,"column":6},"end":{"line":135,"column":70}},"43":{"start":{"line":142,"column":6},"end":{"line":149,"column":7}},"44":{"start":{"line":143,"column":8},"end":{"line":148,"column":10}},"45":{"start":{"line":165,"column":0},"end":{"line":216,"column":2}},"46":{"start":{"line":166,"column":2},"end":{"line":166,"column":26}},"47":{"start":{"line":171,"column":2},"end":{"line":173,"column":3}},"48":{"start":{"line":172,"column":4},"end":{"line":172,"column":17}},"49":{"start":{"line":175,"column":2},"end":{"line":175,"column":41}},"50":{"start":{"line":176,"column":2},"end":{"line":176,"column":44}},"51":{"start":{"line":177,"column":2},"end":{"line":177,"column":56}},"52":{"start":{"line":179,"column":2},"end":{"line":181,"column":3}},"53":{"start":{"line":180,"column":4},"end":{"line":180,"column":27}},"54":{"start":{"line":183,"column":2},"end":{"line":183,"column":41}},"55":{"start":{"line":185,"column":2},"end":{"line":187,"column":3}},"56":{"start":{"line":186,"column":4},"end":{"line":186,"column":28}},"57":{"start":{"line":189,"column":2},"end":{"line":215,"column":4}},"58":{"start":{"line":190,"column":4},"end":{"line":190,"column":20}},"59":{"start":{"line":192,"column":4},"end":{"line":213,"column":5}},"60":{"start":{"line":196,"column":6},"end":{"line":203,"column":9}},"61":{"start":{"line":197,"column":8},"end":{"line":197,"column":21}},"62":{"start":{"line":201,"column":8},"end":{"line":201,"column":30}},"63":{"start":{"line":202,"column":8},"end":{"line":202,"column":26}},"64":{"start":{"line":205,"column":6},"end":{"line":212,"column":9}},"65":{"start":{"line":206,"column":8},"end":{"line":207,"column":27}},"66":{"start":{"line":208,"column":8},"end":{"line":210,"column":9}},"67":{"start":{"line":209,"column":10},"end":{"line":209,"column":53}},"68":{"start":{"line":211,"column":8},"end":{"line":211,"column":46}},"69":{"start":{"line":214,"column":4},"end":{"line":214,"column":47}},"70":{"start":{"line":218,"column":0},"end":{"line":450,"column":1}},"71":{"start":{"line":220,"column":2},"end":{"line":222,"column":3}},"72":{"start":{"line":221,"column":4},"end":{"line":221,"column":28}},"73":{"start":{"line":224,"column":2},"end":{"line":225,"column":19}},"74":{"start":{"line":225,"column":4},"end":{"line":225,"column":19}},"75":{"start":{"line":227,"column":2},"end":{"line":449,"column":5}},"76":{"start":{"line":228,"column":4},"end":{"line":229,"column":39}},"77":{"start":{"line":235,"column":4},"end":{"line":237,"column":5}},"78":{"start":{"line":236,"column":6},"end":{"line":236,"column":69}},"79":{"start":{"line":242,"column":4},"end":{"line":448,"column":7}},"80":{"start":{"line":246,"column":6},"end":{"line":277,"column":9}},"81":{"start":{"line":247,"column":8},"end":{"line":248,"column":27}},"82":{"start":{"line":250,"column":8},"end":{"line":257,"column":10}},"83":{"start":{"line":251,"column":10},"end":{"line":253,"column":11}},"84":{"start":{"line":252,"column":12},"end":{"line":252,"column":62}},"85":{"start":{"line":254,"column":10},"end":{"line":256,"column":54}},"86":{"start":{"line":259,"column":8},"end":{"line":276,"column":9}},"87":{"start":{"line":263,"column":10},"end":{"line":263,"column":71}},"88":{"start":{"line":264,"column":10},"end":{"line":272,"column":13}},"89":{"start":{"line":265,"column":12},"end":{"line":266,"column":56}},"90":{"start":{"line":266,"column":14},"end":{"line":266,"column":56}},"91":{"start":{"line":268,"column":12},"end":{"line":269,"column":49}},"92":{"start":{"line":269,"column":14},"end":{"line":269,"column":49}},"93":{"start":{"line":271,"column":12},"end":{"line":271,"column":77}},"94":{"start":{"line":274,"column":10},"end":{"line":274,"column":36}},"95":{"start":{"line":275,"column":10},"end":{"line":275,"column":47}},"96":{"start":{"line":282,"column":6},"end":{"line":293,"column":9}},"97":{"start":{"line":283,"column":8},"end":{"line":284,"column":30}},"98":{"start":{"line":286,"column":8},"end":{"line":288,"column":9}},"99":{"start":{"line":287,"column":10},"end":{"line":287,"column":43}},"100":{"start":{"line":289,"column":8},"end":{"line":289,"column":42}},"101":{"start":{"line":291,"column":8},"end":{"line":291,"column":72}},"102":{"start":{"line":292,"column":8},"end":{"line":292,"column":63}},"103":{"start":{"line":298,"column":6},"end":{"line":447,"column":9}},"104":{"start":{"line":299,"column":8},"end":{"line":299,"column":37}},"105":{"start":{"line":304,"column":8},"end":{"line":324,"column":9}},"106":{"start":{"line":306,"column":10},"end":{"line":306,"column":72}},"107":{"start":{"line":313,"column":10},"end":{"line":323,"column":13}},"108":{"start":{"line":314,"column":12},"end":{"line":315,"column":53}},"109":{"start":{"line":320,"column":12},"end":{"line":320,"column":44}},"110":{"start":{"line":322,"column":12},"end":{"line":322,"column":94}},"111":{"start":{"line":329,"column":8},"end":{"line":366,"column":9}},"112":{"start":{"line":334,"column":10},"end":{"line":365,"column":11}},"113":{"start":{"line":335,"column":12},"end":{"line":364,"column":13}},"114":{"start":{"line":336,"column":14},"end":{"line":336,"column":30}},"115":{"start":{"line":342,"column":14},"end":{"line":363,"column":19}},"116":{"start":{"line":343,"column":16},"end":{"line":362,"column":19}},"117":{"start":{"line":345,"column":18},"end":{"line":358,"column":19}},"118":{"start":{"line":346,"column":20},"end":{"line":348,"column":76}},"119":{"start":{"line":350,"column":20},"end":{"line":350,"column":63}},"120":{"start":{"line":351,"column":20},"end":{"line":357,"column":24}},"121":{"start":{"line":352,"column":22},"end":{"line":352,"column":51}},"122":{"start":{"line":353,"column":22},"end":{"line":353,"column":48}},"123":{"start":{"line":354,"column":23},"end":{"line":356,"column":68}},"124":{"start":{"line":360,"column":18},"end":{"line":360,"column":36}},"125":{"start":{"line":361,"column":18},"end":{"line":361,"column":37}},"126":{"start":{"line":371,"column":8},"end":{"line":391,"column":11}},"127":{"start":{"line":372,"column":10},"end":{"line":374,"column":61}},"128":{"start":{"line":375,"column":14},"end":{"line":375,"column":44}},"129":{"start":{"line":378,"column":10},"end":{"line":378,"column":35}},"130":{"start":{"line":381,"column":10},"end":{"line":382,"column":37}},"131":{"start":{"line":382,"column":12},"end":{"line":382,"column":37}},"132":{"start":{"line":384,"column":10},"end":{"line":385,"column":45}},"133":{"start":{"line":385,"column":12},"end":{"line":385,"column":45}},"134":{"start":{"line":387,"column":10},"end":{"line":388,"column":71}},"135":{"start":{"line":388,"column":12},"end":{"line":388,"column":71}},"136":{"start":{"line":390,"column":10},"end":{"line":390,"column":65}},"137":{"start":{"line":396,"column":8},"end":{"line":406,"column":11}},"138":{"start":{"line":397,"column":10},"end":{"line":399,"column":44}},"139":{"start":{"line":401,"column":12},"end":{"line":402,"column":55}},"140":{"start":{"line":402,"column":14},"end":{"line":402,"column":55}},"141":{"start":{"line":404,"column":12},"end":{"line":404,"column":71}},"142":{"start":{"line":405,"column":12},"end":{"line":405,"column":64}},"143":{"start":{"line":411,"column":8},"end":{"line":421,"column":11}},"144":{"start":{"line":412,"column":10},"end":{"line":413,"column":29}},"145":{"start":{"line":415,"column":10},"end":{"line":415,"column":66}},"146":{"start":{"line":416,"column":10},"end":{"line":420,"column":13}},"147":{"start":{"line":417,"column":12},"end":{"line":419,"column":39}},"148":{"start":{"line":426,"column":8},"end":{"line":446,"column":11}},"149":{"start":{"line":427,"column":10},"end":{"line":428,"column":29}},"150":{"start":{"line":430,"column":10},"end":{"line":431,"column":45}},"151":{"start":{"line":431,"column":12},"end":{"line":431,"column":45}},"152":{"start":{"line":433,"column":10},"end":{"line":433,"column":66}},"153":{"start":{"line":434,"column":10},"end":{"line":445,"column":13}},"154":{"start":{"line":435,"column":12},"end":{"line":435,"column":29}},"155":{"start":{"line":436,"column":12},"end":{"line":441,"column":13}},"156":{"start":{"line":437,"column":14},"end":{"line":437,"column":27}},"157":{"start":{"line":438,"column":14},"end":{"line":440,"column":15}},"158":{"start":{"line":439,"column":16},"end":{"line":439,"column":29}},"159":{"start":{"line":442,"column":12},"end":{"line":444,"column":42}},"160":{"start":{"line":473,"column":0},"end":{"line":611,"column":1}},"161":{"start":{"line":474,"column":2},"end":{"line":475,"column":37}},"162":{"start":{"line":479,"column":2},"end":{"line":503,"column":5}},"163":{"start":{"line":480,"column":4},"end":{"line":481,"column":23}},"164":{"start":{"line":483,"column":4},"end":{"line":485,"column":5}},"165":{"start":{"line":484,"column":6},"end":{"line":484,"column":27}},"166":{"start":{"line":487,"column":4},"end":{"line":487,"column":24}},"167":{"start":{"line":488,"column":4},"end":{"line":488,"column":45}},"168":{"start":{"line":489,"column":4},"end":{"line":502,"column":7}},"169":{"start":{"line":490,"column":6},"end":{"line":490,"column":23}},"170":{"start":{"line":491,"column":6},"end":{"line":497,"column":7}},"171":{"start":{"line":492,"column":8},"end":{"line":492,"column":21}},"172":{"start":{"line":493,"column":8},"end":{"line":493,"column":26}},"173":{"start":{"line":494,"column":8},"end":{"line":496,"column":9}},"174":{"start":{"line":495,"column":10},"end":{"line":495,"column":23}},"175":{"start":{"line":498,"column":6},"end":{"line":498,"column":60}},"176":{"start":{"line":499,"column":6},"end":{"line":501,"column":52}},"177":{"start":{"line":506,"column":2},"end":{"line":513,"column":5}},"178":{"start":{"line":507,"column":4},"end":{"line":508,"column":23}},"179":{"start":{"line":509,"column":4},"end":{"line":509,"column":45}},"180":{"start":{"line":510,"column":4},"end":{"line":512,"column":7}},"181":{"start":{"line":511,"column":6},"end":{"line":511,"column":45}},"182":{"start":{"line":515,"column":2},"end":{"line":522,"column":5}},"183":{"start":{"line":516,"column":4},"end":{"line":517,"column":23}},"184":{"start":{"line":518,"column":4},"end":{"line":518,"column":45}},"185":{"start":{"line":519,"column":4},"end":{"line":521,"column":7}},"186":{"start":{"line":520,"column":6},"end":{"line":520,"column":45}},"187":{"start":{"line":524,"column":2},"end":{"line":529,"column":5}},"188":{"start":{"line":525,"column":4},"end":{"line":526,"column":23}},"189":{"start":{"line":527,"column":4},"end":{"line":527,"column":47}},"190":{"start":{"line":528,"column":4},"end":{"line":528,"column":35}},"191":{"start":{"line":534,"column":2},"end":{"line":610,"column":5}},"192":{"start":{"line":536,"column":4},"end":{"line":546,"column":7}},"193":{"start":{"line":537,"column":6},"end":{"line":538,"column":25}},"194":{"start":{"line":539,"column":6},"end":{"line":539,"column":49}},"195":{"start":{"line":540,"column":6},"end":{"line":545,"column":8}},"196":{"start":{"line":541,"column":8},"end":{"line":541,"column":64}},"197":{"start":{"line":542,"column":8},"end":{"line":544,"column":51}},"198":{"start":{"line":548,"column":4},"end":{"line":561,"column":7}},"199":{"start":{"line":549,"column":6},"end":{"line":550,"column":25}},"200":{"start":{"line":551,"column":6},"end":{"line":551,"column":50}},"201":{"start":{"line":552,"column":6},"end":{"line":560,"column":8}},"202":{"start":{"line":553,"column":8},"end":{"line":553,"column":65}},"203":{"start":{"line":554,"column":8},"end":{"line":556,"column":9}},"204":{"start":{"line":555,"column":10},"end":{"line":555,"column":33}},"205":{"start":{"line":557,"column":8},"end":{"line":559,"column":51}},"206":{"start":{"line":567,"column":4},"end":{"line":579,"column":7}},"207":{"start":{"line":568,"column":6},"end":{"line":569,"column":25}},"208":{"start":{"line":570,"column":6},"end":{"line":572,"column":7}},"209":{"start":{"line":571,"column":8},"end":{"line":571,"column":52}},"210":{"start":{"line":573,"column":6},"end":{"line":578,"column":9}},"211":{"start":{"line":574,"column":8},"end":{"line":574,"column":31}},"212":{"start":{"line":575,"column":8},"end":{"line":577,"column":35}},"213":{"start":{"line":585,"column":4},"end":{"line":607,"column":7}},"214":{"start":{"line":586,"column":6},"end":{"line":587,"column":25}},"215":{"start":{"line":589,"column":6},"end":{"line":591,"column":7}},"216":{"start":{"line":590,"column":8},"end":{"line":590,"column":51}},"217":{"start":{"line":593,"column":6},"end":{"line":606,"column":9}},"218":{"start":{"line":594,"column":8},"end":{"line":594,"column":25}},"219":{"start":{"line":596,"column":8},"end":{"line":601,"column":9}},"220":{"start":{"line":597,"column":10},"end":{"line":597,"column":23}},"221":{"start":{"line":598,"column":10},"end":{"line":600,"column":11}},"222":{"start":{"line":599,"column":12},"end":{"line":599,"column":25}},"223":{"start":{"line":603,"column":8},"end":{"line":605,"column":54}},"224":{"start":{"line":627,"column":0},"end":{"line":640,"column":1}},"225":{"start":{"line":628,"column":2},"end":{"line":628,"column":13}},"226":{"start":{"line":629,"column":2},"end":{"line":629,"column":64}},"227":{"start":{"line":631,"column":2},"end":{"line":637,"column":3}},"228":{"start":{"line":632,"column":4},"end":{"line":632,"column":16}},"229":{"start":{"line":633,"column":4},"end":{"line":633,"column":24}},"230":{"start":{"line":636,"column":4},"end":{"line":636,"column":17}},"231":{"start":{"line":639,"column":2},"end":{"line":639,"column":48}},"232":{"start":{"line":649,"column":0},"end":{"line":747,"column":1}},"233":{"start":{"line":651,"column":2},"end":{"line":651,"column":20}},"234":{"start":{"line":652,"column":2},"end":{"line":652,"column":24}},"235":{"start":{"line":653,"column":2},"end":{"line":653,"column":28}},"236":{"start":{"line":665,"column":2},"end":{"line":703,"column":3}},"237":{"start":{"line":670,"column":4},"end":{"line":675,"column":5}},"238":{"start":{"line":671,"column":6},"end":{"line":671,"column":40}},"239":{"start":{"line":672,"column":6},"end":{"line":674,"column":7}},"240":{"start":{"line":673,"column":8},"end":{"line":673,"column":25}},"241":{"start":{"line":680,"column":4},"end":{"line":691,"column":5}},"242":{"start":{"line":684,"column":6},"end":{"line":687,"column":7}},"243":{"start":{"line":685,"column":8},"end":{"line":685,"column":40}},"244":{"start":{"line":688,"column":6},"end":{"line":690,"column":7}},"245":{"start":{"line":689,"column":8},"end":{"line":689,"column":25}},"246":{"start":{"line":696,"column":4},"end":{"line":702,"column":5}},"247":{"start":{"line":697,"column":6},"end":{"line":701,"column":7}},"248":{"start":{"line":698,"column":8},"end":{"line":698,"column":23}},"249":{"start":{"line":700,"column":8},"end":{"line":700,"column":24}},"250":{"start":{"line":705,"column":2},"end":{"line":706,"column":37}},"251":{"start":{"line":711,"column":2},"end":{"line":715,"column":3}},"252":{"start":{"line":712,"column":4},"end":{"line":714,"column":5}},"253":{"start":{"line":713,"column":6},"end":{"line":713,"column":28}},"254":{"start":{"line":717,"column":2},"end":{"line":721,"column":3}},"255":{"start":{"line":718,"column":4},"end":{"line":720,"column":5}},"256":{"start":{"line":719,"column":6},"end":{"line":719,"column":26}},"257":{"start":{"line":726,"column":2},"end":{"line":731,"column":4}},"258":{"start":{"line":755,"column":0},"end":{"line":757,"column":1}},"259":{"start":{"line":756,"column":2},"end":{"line":756,"column":38}},"260":{"start":{"line":759,"column":0},"end":{"line":767,"column":1}},"261":{"start":{"line":760,"column":2},"end":{"line":760,"column":15}},"262":{"start":{"line":761,"column":2},"end":{"line":765,"column":5}},"263":{"start":{"line":762,"column":4},"end":{"line":762,"column":18}},"264":{"start":{"line":763,"column":4},"end":{"line":763,"column":57}},"265":{"start":{"line":764,"column":4},"end":{"line":764,"column":72}},"266":{"start":{"line":766,"column":2},"end":{"line":766,"column":13}}},"branchMap":{"1":{"line":19,"type":"if","locations":[{"start":{"line":19,"column":2},"end":{"line":19,"column":2}},{"start":{"line":19,"column":2},"end":{"line":19,"column":2}}]},"2":{"line":29,"type":"if","locations":[{"start":{"line":29,"column":2},"end":{"line":29,"column":2}},{"start":{"line":29,"column":2},"end":{"line":29,"column":2}}]},"3":{"line":32,"type":"if","locations":[{"start":{"line":32,"column":2},"end":{"line":32,"column":2}},{"start":{"line":32,"column":2},"end":{"line":32,"column":2}}]},"4":{"line":66,"type":"if","locations":[{"start":{"line":66,"column":6},"end":{"line":66,"column":6}},{"start":{"line":66,"column":6},"end":{"line":66,"column":6}}]},"5":{"line":97,"type":"binary-expr","locations":[{"start":{"line":97,"column":12},"end":{"line":97,"column":19}},{"start":{"line":97,"column":23},"end":{"line":97,"column":25}}]},"6":{"line":105,"type":"binary-expr","locations":[{"start":{"line":105,"column":16},"end":{"line":105,"column":30}},{"start":{"line":105,"column":34},"end":{"line":105,"column":39}}]},"7":{"line":130,"type":"if","locations":[{"start":{"line":130,"column":2},"end":{"line":130,"column":2}},{"start":{"line":130,"column":2},"end":{"line":130,"column":2}}]},"8":{"line":135,"type":"binary-expr","locations":[{"start":{"line":135,"column":21},"end":{"line":135,"column":28}},{"start":{"line":135,"column":32},"end":{"line":135,"column":63}},{"start":{"line":135,"column":67},"end":{"line":135,"column":69}}]},"9":{"line":142,"typ
[...]
     status = 422;","              }","            }","            return err","              ? respond(req, res, status, err)","              : respond(req, res, status);","          });","        });","      });","    });","  });","}","","//","// ### @private function _extendWithNonStrictRoutes (router, resource, options, respond)","// #### @router {director.http.Router} Router to extend with non-strict routes","// #### @resource {resourceful.Resource} Resource to use in routes.","// #### @options {Object} Options for routes added.","// #### @respond function","//","// Since not all HTTP clients support PUT and DELETE verbs ( such as forms in web browsers ),","// restful will also map the following browser friendly routes:","//","// If you prefer to not use this option, set { strict: true }","//","// POST  /creature/1/update  => Creature.update()","// POST  /creature/1/destroy => Creature.destroy()","//","// You might also want to consider using a rails-like approach which uses","// the convention of a reserved <form> input field called \"_method\" which contains either","// \"PUT\" or \"DELETE\"","//","// see: https://github.com/senchalabs/connect/blob/master/lib/middleware/methodOverride.js","//","function _extendWithNonStrictRoutes(router, resource, options, respond) {","  var entity = resource.lowerResource,","      param = options.param || ':id';","  //","  // Bind POST /new to resource.create","  //","  router.post('/' + entity + '/new', function (_id) {","    var res = this.res,","        req = this.req;","","    if(typeof _id !== 'undefined') {","      _id = _id.toString();","    }","","    var action = \"show\";","    preprocessRequest(req, resource, action);","    resource.create(req.restful.data, function (err, result) {","      var status = 201;","      if (err) {","        status = 500;","        action = \"create\";","        if (typeof err === \"object\") { // && key.valid === false","          status = 422;","        }","      }","      preprocessRequest(req, resource, action, result, err);","      return err","        ? respond(req, res, status, err)","        : respond(req, res, status, entity, result);","    });","  });","","","  router.get('/' + entity + '/find', function () {","    var res = this.res,","        req = this.req;","    preprocessRequest(req, resource, 'find');","    resource.find(req.restful.data, function(err, result){","      respond(req, res, 200, entity, result);","    });","  });","","  router.post('/' + entity + '/find', function () {","    var res = this.res,","        req = this.req;","    preprocessRequest(req, resource, 'find');","    resource.find(req.restful.data, function(err, result){","      respond(req, res, 200, entity, result);","    });","  });","","  router.get('/' + entity + '/new', function (_id) {","    var res = this.res,","        req = this.req;","    preprocessRequest(req, resource, 'create');","    respond(req, res, 200, '', {});","  });","","  //","  // Bind /:resource/:param path","  //","  router.path('/' + entity + '/' + param, function () {","","    this.get('/update', function (_id) {","      var res = this.res,","          req = this.req;","      preprocessRequest(req, resource, 'update');","      resource.get(_id, function(err, result){","        preprocessRequest(req, resource, 'update', result, err);","        return err","          ? respond(req, res, 500, err)","          : respond(req, res, 200, entity, result);","      })","    });","","    this.get('/destroy', function (_id) {","      var res = this.res,","          req = this.req;","      preprocessRequest(req, resource, 'destroy');","      resource.get(_id, function(err, result){","        preprocessRequest(req, resource, 'destroy', result, err);","        if(err) {","          req.restful.data = _id;","        }","        return err","          ? respond(req, res, 500, err)","          : respond(req, res, 200, entity, result);","      })","    });","","    //","    // Bind POST /:resource/:id/destroy to resource.destroy","    // Remark: Not all browsers support DELETE verb, so we have to fake it","    //","    this.post('/destroy', function (_id) {","      var req = this.req,","          res = this.res;","      if (!options.strict) {","        preprocessRequest(req, resource, 'destroy');","      }","      resource.destroy(_id, function (err, result) {","        req.restful.data = _id;","        return err","          ? respond(req, res, 500, err)","          : respond(req, res, 204);","      });","    });","","    //","    // Bind POST /:resource/:id/update to resource.update","    // Remark: Not all browsers support PUT verb, so we have to fake it","    //","    this.post('/update', function (_id) {","      var req = this.req,","          res = this.res;","","      if (!options.strict) {","        preprocessRequest(req, resource, 'update');","      }","","      resource.update(_id, this.req.body, function (err, result) {","        var status = 204;","","        if (err) {","          status = 500;","          if (typeof err === \"object\") { // && key.valid === false","            status = 422;","          }","        }","","        return err","          ? respond(req, res, status, err)","          : respond(req, res, status, entity, result);","      });","    });","","","  });","}","","//","// ### @private function respondWithResult (req, res, status, options, value)","// #### @req {http.ServerRequest} Incoming Server request","// #### @res {http.ServerResponse} Server respond to write to","// #### @status {number} Status code to respond with","// #### @key {Object|string} Object to respond with or key to set for `value`","// #### @value {Object} **Optional** Value to set in the result for the specified `key`","//","// Helper function for responding from `restful` routes:","//","//    respond(req, res, 200);","//    respond(req, res, 500, err);","//    respond(req, res, 200, 'users', [{...}, {...}, ...]);","//","function respondWithResult(req, res, status, key, value) {","  var result;","  res.writeHead(status, { 'Content-Type': 'application/json' });","","  if (arguments.length === 5) {","    result = {};","    result[key] = value;","  }","  else {","    result = key;","  }","","  res.end(result ? JSON.stringify(result) : '');","}","","//","// ### function (req, resource)","// #### @req {http.ServerRequest} Server request to preprocess","// #### @resource {resourceful.Resource} Resource to preprocess against req","//","// Preprocesses \"numbery\" strings in the `req` body.","//","function preprocessRequest(req, resource, action, data, error) {","","  data = data || {};","  error = error || null;","  req.body = req.body || {};","","  //","  // Remark: `restful` generates a REST interface for a Resource.","  // Since Resources inheritently has more functionality then HTTP can provide out of the box,","  // we are required to perform some type cohersions for non-strict mode.","  //","  // For instance: If we know a property type to be Number and we are using a,","  // HTML4 input to submit it's value...it will always come in as a \"numbery\" String.","  //","  // This will cause the Number validation in Resourceful to fail since 50 !== \"50\"","","  for (var p in req.body) {","","    //","    // Number: Attempt to coerce any incoming properties know to be Numbers to a Number","    //","    if (resource.schema.properties[p] && resource.schema.properties[p].type === \"number\") {","      req.body[p] = Number(req.body[p]);","      if (req.body[p].toString() === \"NaN\") {","        req.body[p] = \"\";","      }","    }","","    //","    // Array: Attempt to coerce any incoming properties know to be Arrays to an Array","    //","    if (resource.schema.properties[p] && resource.schema.properties[p].type === \"array\") {","      //","      // TODO: Better array creation than eval","      //","      try {","        req.body[p] = eval(req.body[p]);","      } catch (err) {","      }","      if (!Array.isArray(req.body[p])) {","        req.body[p] = [];","      }","    }","","    //","    // Boolean: Attempt to coerce any incoming properties know to be boolean to an boolean","    //","    if (resource.schema.properties[p] && resource.schema.properties[p].type === \"boolean\") {","      if(typeof req.body[p] !== 'undefined') {","        data[p] = true;","      } else {","        data[p] = false;","      }","    }","  }","","  var query = url.parse(req.url),","      params = qs.parse(query.query);","","  //","  // Merge query and form data","  //","  for(var p in req.body) {","    if(typeof data[p] === 'undefined') {","      data[p] = req.body[p];","    }","  }","","  for(var p in params) {","    if(typeof data[p] === 'undefined') {","      data[p] = params[p];","    }","  }","","  //","  // Remark: Append a new object to the req for additional processing down the middleware chain","  //","  req.restful = {","    action: action,","    resource: resource,","    data: data,","    error: error","  };","","  //","  // TODO: If there is no in-coming ID, check to see if we have any attempted secondary keys","  //","      /*","      if (_id.length === 0) {","          ('check for alts');","        if(req.body.name) {","          _id = req.body.name;","        }","      }*/","","  //","  // Remark: Not returning any values since \"req\" is referenced in parent scope.","  //","}","","//","// ### function inflect (str)","// #### @str {string} String to inflect","//","// Responds with a properly pluralized string for `str`.","//","function inflect (str) {","  return utile.inflect.pluralize(str);","}","","function prettyPrint (resources) {","  var str = '';","  resources.forEach(function(resource){","    str += '\\n\\n';","    str += '## ' + resource._resource + ' - schema \\n\\n';","    str += JSON.stringify(resource.schema.properties, true, 2) + '\\n\\n';","  });","  return str;","}",""],"l":{"8":1,"18":1,"19":0,"20":0,"22":0,"23":0,"29":0,"30":0,"32":0,"33":0,"35":0,"46":1,"47":0,"57":1,"58":0,"60":0,"61":0,"62":0,"65":0,"66":0,"70":0,"71":0,"73":0,"77":0,"78":0,"96":1,"97":0,"102":0,"104":0,"105":0,"107":0,"113":1,"118":1,"124":1,"125":0,"128":1,"129":0,"130":0,"131":0,"132":0,"134":0,"135":0,"142":0,"143":0,"165":1,"166":0,"171":0,"172":0,"175":0,"176":0,"177":0,"179":0,"180":0,"183":0,"185":0,"186":0,"189":0,"190":0,"192":0,"196":0,"197":0,"201":0,"202":0,"205":0,"206":0,"208":0,"209":0,"211":0,"214":0,"218":1,"220":0,"221":0,"224":0,"225":0,"227":0,"228":0,"235":0,"236":0,"242":0,"246":0,"247":0,"250":0,"251":0,"252":0,"254":0,"259":0,"263":0,"264":0,"265":0,"266":0,"268":0,"269":0,"271":0,"274":0,"275":0,"282":0,"283":0,"286":0,"287":0,"289":0,"291":0,"292":0,"298":0,"299":0,"304":0,"306":0,"313":0,"314":0,"320":0,"322":0,"329":0,"334":0,"335":0,"336":0,"342":0,"343":0,"345":0,"346":0,"350":0,"351":0,"352":0,"353":0,"354":0,"360":0,"361":0,"371":0,"372":0,"375":0,"378":0,"381":0,"382":0,"384":0,"385":0,"387":0,"388":0,"390":0,"396":0,"397":0,"401":0,"402":0,"404":0,"405":0,"411":0,"412":0,"415":0,"416":0,"417":0,"426":0,"427":0,"430":0,"431":0,"433":0,"434":0,"435":0,"436":0,"437":0,"438":0,"439":0,"442":0,"473":1,"474":0,"479":0,"480":0,"483":0,"484":0,"487":0,"488":0,"489":0,"490":0,"491":0,"492":0,"493":0,"494":0,"495":0,"498":0,"499":0,"506":0,"507":0,"509":0,"510":0,"511":0,"515":0,"516":0,"518":0,"519":0,"520":0,"524":0,"525":0,"527":0,"528":0,"534":0,"536":0,"537":0,"539":0,"540":0,"541":0,"542":0,"548":0,"549":0,"551":0,"552":0,"553":0,"554":0,"555":0,"557":0,"567":0,"568":0,"570":0,"571":0,"573":0,"574":0,"575":0,"585":0,"586":0,"589":0,"590":0,"593":0,"594":0,"596":0,"597":0,"598":0,"599":0,"603":0,"627":1,"628":0,"629":0,"631":0,"632":0,"633":0,"636":0,"639":0,"649":1,"651":0,"652":0,"653":0,"665":0,"670":0,"671":0,"672":0,"673":0,"680":0,"684":0,"685":0,"688":0,"689":0,"696":0,"697":0,"698":0,"700":0,"705":0,"711":0,"712":0,"713":0,"717":0,"718":0,"719":0,"726":0,"755":1,"756":0,"759":1,"760":0,"761":0,"762":0,"763":0,"764":0,"766":0}},"/home/travis/build/npmtest/node-npmtest-restful/node_modules/restful/lib/restful/controller.js":{"path":"/home/travis/build/npmtest/node-npmtest-restful/node_modules/restful/lib/restful/controller.js","s":{"1":1,"2":1,"3":0,"4":0,"5":0,"6":0,"7":0,"8":0,"9":0,"10":0,"11":0,"12":0,"13":0,"14":0,"15":0,"16":0,"17":0,"18":0,"19":0,"20":0,"21":0,"22":1,"23":0,"24":0,"25":0,"26":0,"27":0,"28":0,"29":0,"30":0,"31":0,"32":0,"33":0,"34":0,"35":0,"36":0},"b":{"1":[0,0],"2":[0,0],"3":[0,0],"4":[0,0],"5":[0,0],"6":[0,0],"7":[0,0],"8":[0,0]},"f":{"1":0,"2":0,"3":0,"4":0,"5":0},"fnMap":{"1":{"name":"(anonymous_1)","line":15,"loc":{"start":{"line":15,"column":20},"end":{"line":15,"column":71}}},"2":{"name":"(anonymous_2)","line":27,"loc":{"start":{"line":27,"column":22},"end":{"line":27,"column":45}}},"3":{"name":"(anonymous_3)","line":54,"loc":{"start":{"line":54,"column":41},"end":{"line":54,"column":62}}},"4":{"name":"(anonymous_4)","line":69,"loc":{"start":{"line":69,"column":17},"end":{"line":69,"column":68}}},"5":{"name":"(anonymous_5)","line":82,"loc":{"start":{"line":82,"column":19},"end":{"line":82,"column":42}}}},"statementMap":{"1":{"start":{"line":6,"column":0},"end":{"line":7,"column":29}},"2":{"start":{"line":15,"column":0},"end":{"line":66,"column":2}},"3":{"start":{"line":17,"column":2},"end":{"line":17,"column":40}},"4":{"start":{"line":27,"column":2},"end":{"line":44,"column":5}},"5":{"start":{"line":28,"column":6},"end":{"line":28,"column":23}},"6":{"start":{"line":29,"column":6},"end":{"line":34,"column":7}},"7":{"start":{"line":30,"column":8},"end":{"line":30,"column":21}},"8":{"start":{"line":31,"column":8},"end":{"line":33,"column":9}},"9":{"start":{"line":32,"column":10},"end":{"line":32,"column":23}},"10":{"start":{"line":35,"column":6},"end":{"line":40,"column":8}},"11":{"start":{"line":41,"column":6},"end":{"line":43,"column":68}},"12":{"start":{"line":46,"column":2},"end":{"line":65,"column":3}},"13":{"start":{"line":48,"column":4},"end":{"line":52,"column":5}},"14":{"start":{"line":49,"column":6},"end":{"line":49,"column":19}},"15":{"start":{"line":50,"column":6},"end":{"line":50,"column":57}},"16":{"start":{"line":51,"column":6},"end":{"line":51,"column":71}},"17":{"start":{"line":54,"column":4},"end":{"line":59,"column":7}},"18":{"start":{"line":55,"column":6},"end":{"line":56,"column":121}},"19":{"start":{"line":56,"column":8},"end":{"line":56,"column":121}},"20":{"start":{"line":58,"column":6},"end":{"line":58,"column":68}},"21":{"start":{"line":64,"column":4},"end":{"line":64,"column":45}},"22":{"start":{"line":69,"column":0},"end":{"line":90,"column":1}},"23":{"start":{"line":70,"column":2},"end":{"line":71,"column":13}},"24":{"start":{"line":73,"column":2},"end":{"line":73,"column":19}},"25":{"start":{"line":74,"column":2},"end":{"line":74,"column":30}},"26":{"start":{"line":75,"column":2},"end":{"line":75,"column":34}},"27":{"start":{"line":76,"column":2},"end":{"line":79,"column":3}},"28":{"start":{"line":77,"column":4},"end":{"line":77,"column":34}},"29":{"start":{"line":78,"column":4},"end":{"line":78,"column":33}},"30":{"start":{"line":81,"column":2},"end":{"line":81,"column":34}},"31":{"start":{"line":82,"column":2},"end":{"line":89,"column":5}},"32":{"start":{"line":83,"column":4},"end":{"line":86,"column":5}},"33":{"start":{"line":84,"column":6},"end":{"line":84,"column":28}},"34":{"start":{"line":85,"column":6},"end":{"line":85,"column":64}},"35":{"start":{"line":87,"column":4},"end":{"line":87,"column":30}},"36":{"start":{"line":88,"column":4},"end":{"line":88,"column":59}}},"branchMap":{"1":{"line":29,"type":"if","locations":[{"start":{"line":29,"column":6},"end":{"line":29,"column":6}},{"start":{"line":29,"column":6},"end":{"line":29,"column":6}}]},"2":{"line":31,"type":"if","locations":[{"start":{"line":31,"column":8},"end":{"line":31,"column":8}},{"start":{"line":31,"column":8},"end":{"line":31,"column":8}}]},"3":{"line":41,"type":"cond-expr","locations":[{"start":{"line":42,"column":10},"end":{"line":42,"column":40}},{"start":{"line":43,"column":10},"end":{"line":43,"column":67}}]},"4":{"line":46,"type":"if","locations":[{"start":{"line":46,"column":2},"end":{"line":46,"column":2}},{"start":{"line":46,"column":2},"end":{"line":46,"column":2}}]},"5":{"line":48,"type":"if","locations":[{"start":{"line":48,"column":4},"end":{"line":48,"column":4}},{"start":{"line":48,"column":4},"end":{"line":48,"column":4}}]},"6":{"line":55,"type":"if","locations":[{"start":{"line":55,"column":6},"end":{"line":55,"column":6}},{"start":{"line":55,"column":6},"end":{"line":55,"column":6}}]},"7":{"line":76,"type":"if","locations":[{"start":{"line":76,"column":2},"end":{"line":76,"column":2}},{"start":{"line":76,"column":2},"end":{"line":76,"column":2}}]},"8":{"line":83,"type":"if","locations":[{"start":{"line":83,"column":4},"end":{"line":83,"column":4}},{"start":{"line":83,"column":4},"end":{"line":83,"column":4}}]}},"code":["//","// This \"controller\" module exists only to help keep some of the route handling code DRY","//                      It doesn't do anything fancy.","//","","var controller = exports,","    utile = require('utile');","","//","// \"create\" handler for all incoming routes which are intended to create resources","// There is only one way to make ","//     .parent - the parent resource constructor.","//     .parentID - ID of the parent resource","//","controller.create = function (req, res, resource, optionsRef, respond) {","","  var options = utile.clone(optionsRef);","","  //","  // Remark: We need to reserve the id \"new\" in order to make resource-routing work properly.","  // I don't agree with this, but I'm not aware of a better solution solution.","  //","  // Based on research, both Rails and Express follow this same convention,","  // so we might as well try to conform to that unless there is a better solution.","  //","","  var createHandler = function (err, result) {","      var status = 201;","      if (err) {","        status = 500;","        if (typeof err === \"object\") { // && key.valid === false","          status = 422;","        }","      }","      req.restful = {","        error: err,","        action: 'show',","        data: result,","        resource: resource","      };","      return err","        ? respond(req, res, status, err)","        : respond(req, res, status, resource.lowerResource, result);","    }","","  if (options.parent) {","","    if (!options.parentID) {","      status = 500;","      req.restful.error = { validate: { valid : false }};","      return respond(req, res, status, { validate: { valid : false }});","    }","","    options.parent.get(options.parentID, function(err, album) {","      if (typeof album == 'undefined')","        return respond(req, res, 404, \"Could not find \" + options.parent.lowerResource + \" with id \" + options.parentID);","","      album['create' + resource._resource](req.body, createHandler);","    });","  } else {","    //","    // Else, there is no parent resource","    //","    resource.create(req.body, createHandler);","  }","};","","","controller.get = function (req, res, resource, optionsRef, respond) {","  var options = utile.clone(optionsRef),","      getter;","","  req.restful = {};","  req.restful.action = \"show\";","  req.restful.resource = resource;","  if (options._id === \"new\") {","    req.restful.action = \"create\";","    return respond(req, res, 200)","  }","","  var id = options._id.toString();","  resource.get(id, function (err, result) {","    if (err) {","      req.restful.data = id;","      return respond(req, res, 404, resource.lowerResource, id);;","    }","    req.restful.data = result;","    respond(req, res, 200, resource.lowerResource, result);","  });","}",""],"l":{"6":1,"15":1,"17":0,"27":0,"28":0,"29":0,"30":0,"31":0,"32":0,"35":0,"41":0,"46":0,"48":0,"49":0,"50":0,"51":0,"54":0,"55":0,"56":0,"58":0,"64":0,"69":1,"70":0,"73":0,"74":0,"75":0,"76":0,"77":0,"78":0,"81":0,"82":0,"83":0,"84":0,"85":0,"87":0,"88":0}}}